Tue Nov 26 15:35:09 2024
ID         206064678
numax         3037.0
numax_e         60.0
dnu            138.0
dnu_e            3.0
Teff          5513.0
Teff_e           100
bp_rp       0.963101
bp_rp_e          0.1
Type              MS
Np                10
Flag               3
Name: 0, dtype: object
ID: 206064678


Traceback (most recent call last):
  File "/rds/projects/n/nielsemb-plato-peakbagging/george/PBjammy/ThePBjam/PBjammer.py", line 48, in Mode20
    f, s = PSD(ID, 'Text')
  File "/rds/projects/n/nielsemb-plato-peakbagging/george/PBjammy/ThePBjam/PBjammer.py", line 35, in PSD
    Lightning = pd.read_csv(f'{Directory}/LightCurves/{ID}_psd_tot.txt', names=['Frequency', 'Power', 'FrequencyAvg', 'PowerAvg'], sep=' ')
  File "/rds/homes/g/gth025/.local/lib/python3.9/site-packages/pandas/io/parsers/readers.py", line 1026, in read_csv
    return _read(filepath_or_buffer, kwds)
  File "/rds/homes/g/gth025/.local/lib/python3.9/site-packages/pandas/io/parsers/readers.py", line 620, in _read
    parser = TextFileReader(filepath_or_buffer, **kwds)
  File "/rds/homes/g/gth025/.local/lib/python3.9/site-packages/pandas/io/parsers/readers.py", line 1620, in __init__
    self._engine = self._make_engine(f, self.engine)
  File "/rds/homes/g/gth025/.local/lib/python3.9/site-packages/pandas/io/parsers/readers.py", line 1880, in _make_engine
    self.handles = get_handle(
  File "/rds/homes/g/gth025/.local/lib/python3.9/site-packages/pandas/io/common.py", line 873, in get_handle
    handle = open(
FileNotFoundError: [Errno 2] No such file or directory: '/rds/projects/n/nielsemb-plato-peakbagging/george/PBjammy/LightCurves/206064678_psd_tot.txt'

During handling of the above exception, another exception occurred:

Traceback (most recent call last):
  File "/rds/projects/n/nielsemb-plato-peakbagging/george/PBjammy/ThePBjam/PBjammer.py", line 55, in Mode20
    f, s = PSD(ID, 'Standard')
  File "/rds/projects/n/nielsemb-plato-peakbagging/george/PBjammy/ThePBjam/PBjammer.py", line 33, in PSD
    Lightning = pd.read_csv(f'{Directory}/LightCurves/ktwo{ID}_01_kasoc-psd_slc_v1.dat', comment='#', names=['Frequency', 'Power'], sep=' ')
  File "/rds/homes/g/gth025/.local/lib/python3.9/site-packages/pandas/io/parsers/readers.py", line 1026, in read_csv
    return _read(filepath_or_buffer, kwds)
  File "/rds/homes/g/gth025/.local/lib/python3.9/site-packages/pandas/io/parsers/readers.py", line 620, in _read
    parser = TextFileReader(filepath_or_buffer, **kwds)
  File "/rds/homes/g/gth025/.local/lib/python3.9/site-packages/pandas/io/parsers/readers.py", line 1620, in __init__
    self._engine = self._make_engine(f, self.engine)
  File "/rds/homes/g/gth025/.local/lib/python3.9/site-packages/pandas/io/parsers/readers.py", line 1880, in _make_engine
    self.handles = get_handle(
  File "/rds/homes/g/gth025/.local/lib/python3.9/site-packages/pandas/io/common.py", line 873, in get_handle
    handle = open(
FileNotFoundError: [Errno 2] No such file or directory: '/rds/projects/n/nielsemb-plato-peakbagging/george/PBjammy/LightCurves/ktwo206064678_01_kasoc-psd_slc_v1.dat'

During handling of the above exception, another exception occurred:

Traceback (most recent call last):
  File "/rds/projects/n/nielsemb-plato-peakbagging/george/PBjammy/ThePBjam/TheActivator.py", line 86, in LetUsBegin
    Activate(n)
  File "/rds/projects/n/nielsemb-plato-peakbagging/george/PBjammy/ThePBjam/TheActivator.py", line 46, in Activate
    Result, f, s, M = ModeResult(BigData.ID[d], BigData.Np[d], (BigData.numax[d], BigData.numax_e[d]),
  File "/rds/projects/n/nielsemb-plato-peakbagging/george/PBjammy/ThePBjam/TheActivator.py", line 25, in ModeResult
    return PBjammer.Run(ID, Np, numax=numax, dnu=dnu, teff=teff, bp_rp=bp_rp, Plot=Plot, l1=l1, Type=Type)
  File "/rds/projects/n/nielsemb-plato-peakbagging/george/PBjammy/ThePBjam/PBjammer.py", line 120, in Run
    Result, f, s, M = Mode20(ID, Np, numax=numax, dnu=dnu, teff=teff, bp_rp=bp_rp, Plot=Plot, l1=l1, Type=Type)
  File "/rds/projects/n/nielsemb-plato-peakbagging/george/PBjammy/ThePBjam/PBjammer.py", line 61, in Mode20
    f, s = PSD(ID, '3-space')
  File "/rds/projects/n/nielsemb-plato-peakbagging/george/PBjammy/ThePBjam/PBjammer.py", line 37, in PSD
    Lightning = pd.read_csv(f'{Directory}/LightCurves/ktwo{ID}_01_kasoc-psd_slc_v1.pow', comment='#', names=['Frequency', 'Power'], sep='   ')
  File "/rds/homes/g/gth025/.local/lib/python3.9/site-packages/pandas/io/parsers/readers.py", line 1026, in read_csv
    return _read(filepath_or_buffer, kwds)
  File "/rds/homes/g/gth025/.local/lib/python3.9/site-packages/pandas/io/parsers/readers.py", line 620, in _read
    parser = TextFileReader(filepath_or_buffer, **kwds)
  File "/rds/homes/g/gth025/.local/lib/python3.9/site-packages/pandas/io/parsers/readers.py", line 1620, in __init__
    self._engine = self._make_engine(f, self.engine)
  File "/rds/homes/g/gth025/.local/lib/python3.9/site-packages/pandas/io/parsers/readers.py", line 1880, in _make_engine
    self.handles = get_handle(
  File "/rds/homes/g/gth025/.local/lib/python3.9/site-packages/pandas/io/common.py", line 873, in get_handle
    handle = open(
FileNotFoundError: [Errno 2] No such file or directory: '/rds/projects/n/nielsemb-plato-peakbagging/george/PBjammy/LightCurves/ktwo206064678_01_kasoc-psd_slc_v1.pow'
Tue Nov 26 15:38:41 2024
ID         206064678
numax         3037.0
numax_e         60.0
dnu            138.0
dnu_e            3.0
Teff          5513.0
Teff_e           100
bp_rp       0.963101
bp_rp_e          0.1
Type              MS
Np                10
Flag               3
Name: 0, dtype: object
ID: 206064678


Traceback (most recent call last):
  File "/rds/projects/n/nielsemb-plato-peakbagging/george/PBjammy/ThePBjam/PBjammer.py", line 48, in Mode20
    f, s = PSD(ID, 'Text')
  File "/rds/projects/n/nielsemb-plato-peakbagging/george/PBjammy/ThePBjam/PBjammer.py", line 35, in PSD
    Lightning = pd.read_csv(f'{Directory}/LightCurves/{ID}_psd_tot.txt', names=['Frequency', 'Power', 'FrequencyAvg', 'PowerAvg'], sep=' ')
  File "/rds/homes/g/gth025/.local/lib/python3.9/site-packages/pandas/io/parsers/readers.py", line 1026, in read_csv
    return _read(filepath_or_buffer, kwds)
  File "/rds/homes/g/gth025/.local/lib/python3.9/site-packages/pandas/io/parsers/readers.py", line 620, in _read
    parser = TextFileReader(filepath_or_buffer, **kwds)
  File "/rds/homes/g/gth025/.local/lib/python3.9/site-packages/pandas/io/parsers/readers.py", line 1620, in __init__
    self._engine = self._make_engine(f, self.engine)
  File "/rds/homes/g/gth025/.local/lib/python3.9/site-packages/pandas/io/parsers/readers.py", line 1880, in _make_engine
    self.handles = get_handle(
  File "/rds/homes/g/gth025/.local/lib/python3.9/site-packages/pandas/io/common.py", line 873, in get_handle
    handle = open(
FileNotFoundError: [Errno 2] No such file or directory: '/rds/projects/n/nielsemb-plato-peakbagging/george/PBjammy/LightCurves/206064678_psd_tot.txt'

During handling of the above exception, another exception occurred:

Traceback (most recent call last):
  File "/rds/projects/n/nielsemb-plato-peakbagging/george/PBjammy/ThePBjam/PBjammer.py", line 55, in Mode20
    f, s = PSD(ID, 'Standard')
  File "/rds/projects/n/nielsemb-plato-peakbagging/george/PBjammy/ThePBjam/PBjammer.py", line 39, in PSD
    psd = IO.psd(Lightning)
  File "/rds/projects/n/nielsemb-plato-peakbagging/george/PBjammy/ThePBjam/pbjam/IO.py", line 93, in __init__
    self.TS = timeSeries(ID, lk_kwargs, time, flux, flux_err, self.badIdx, self.downloadDir, numax=self.numax)
  File "/rds/projects/n/nielsemb-plato-peakbagging/george/PBjammy/ThePBjam/pbjam/IO.py", line 330, in __init__
    self.time, self.flux, self.flux_err = self._getTS()
  File "/rds/projects/n/nielsemb-plato-peakbagging/george/PBjammy/ThePBjam/pbjam/IO.py", line 432, in _getTS
    search = lk.search_lightcurve(self.ID, **self.lk_kwargs)
  File "/rds/homes/g/gth025/.local/lib/python3.9/site-packages/memoization/caching/plain_cache.py", line 42, in wrapper
    result = user_function(*args, **kwargs)
  File "/rds/homes/g/gth025/.local/lib/python3.9/site-packages/lightkurve/search.py", line 836, in search_lightcurve
    return _search_products(
  File "/rds/homes/g/gth025/.local/lib/python3.9/site-packages/lightkurve/search.py", line 984, in _search_products
    observations = _query_mast(
  File "/rds/homes/g/gth025/.local/lib/python3.9/site-packages/lightkurve/search.py", line 1211, in _query_mast
    obs = Observations.query_criteria(objectname=target, **query_criteria)
  File "/rds/homes/g/gth025/.local/lib/python3.9/site-packages/astroquery/utils/class_or_instance.py", line 25, in f
    return self.fn(obj, *args, **kwds)
  File "/rds/homes/g/gth025/.local/lib/python3.9/site-packages/astroquery/utils/process_asyncs.py", line 26, in newmethod
    response = getattr(self, async_method_name)(*args, **kwargs)
  File "/rds/homes/g/gth025/.local/lib/python3.9/site-packages/astroquery/utils/class_or_instance.py", line 25, in f
    return self.fn(obj, *args, **kwds)
  File "/rds/homes/g/gth025/.local/lib/python3.9/site-packages/astroquery/mast/observations.py", line 279, in query_criteria_async
    position, mashup_filters = self._parse_caom_criteria(**criteria)
  File "/rds/homes/g/gth025/.local/lib/python3.9/site-packages/astroquery/mast/observations.py", line 150, in _parse_caom_criteria
    if coordinates or objectname:
  File "/rds/homes/g/gth025/.local/lib/python3.9/site-packages/pandas/core/generic.py", line 1577, in __nonzero__
    raise ValueError(
ValueError: The truth value of a DataFrame is ambiguous. Use a.empty, a.bool(), a.item(), a.any() or a.all().

During handling of the above exception, another exception occurred:

Traceback (most recent call last):
  File "/rds/projects/n/nielsemb-plato-peakbagging/george/PBjammy/ThePBjam/TheActivator.py", line 86, in LetUsBegin
    Activate(n)
  File "/rds/projects/n/nielsemb-plato-peakbagging/george/PBjammy/ThePBjam/TheActivator.py", line 46, in Activate
    Result, f, s, M = ModeResult(BigData.ID[d], BigData.Np[d], (BigData.numax[d], BigData.numax_e[d]),
  File "/rds/projects/n/nielsemb-plato-peakbagging/george/PBjammy/ThePBjam/TheActivator.py", line 25, in ModeResult
    return PBjammer.Run(ID, Np, numax=numax, dnu=dnu, teff=teff, bp_rp=bp_rp, Plot=Plot, l1=l1, Type=Type)
  File "/rds/projects/n/nielsemb-plato-peakbagging/george/PBjammy/ThePBjam/PBjammer.py", line 120, in Run
    Result, f, s, M = Mode20(ID, Np, numax=numax, dnu=dnu, teff=teff, bp_rp=bp_rp, Plot=Plot, l1=l1, Type=Type)
  File "/rds/projects/n/nielsemb-plato-peakbagging/george/PBjammy/ThePBjam/PBjammer.py", line 61, in Mode20
    f, s = PSD(ID, '3-space')
  File "/rds/projects/n/nielsemb-plato-peakbagging/george/PBjammy/ThePBjam/PBjammer.py", line 37, in PSD
    Lightning = pd.read_csv(f'{Directory}/LightCurves/ktwo{ID}_01_kasoc-psd_slc_v1.pow', comment='#', names=['Frequency', 'Power'], sep='   ')
  File "/rds/homes/g/gth025/.local/lib/python3.9/site-packages/pandas/io/parsers/readers.py", line 1026, in read_csv
    return _read(filepath_or_buffer, kwds)
  File "/rds/homes/g/gth025/.local/lib/python3.9/site-packages/pandas/io/parsers/readers.py", line 620, in _read
    parser = TextFileReader(filepath_or_buffer, **kwds)
  File "/rds/homes/g/gth025/.local/lib/python3.9/site-packages/pandas/io/parsers/readers.py", line 1620, in __init__
    self._engine = self._make_engine(f, self.engine)
  File "/rds/homes/g/gth025/.local/lib/python3.9/site-packages/pandas/io/parsers/readers.py", line 1880, in _make_engine
    self.handles = get_handle(
  File "/rds/homes/g/gth025/.local/lib/python3.9/site-packages/pandas/io/common.py", line 873, in get_handle
    handle = open(
FileNotFoundError: [Errno 2] No such file or directory: '/rds/projects/n/nielsemb-plato-peakbagging/george/PBjammy/LightCurves/ktwo206064678_01_kasoc-psd_slc_v1.pow'
Tue Nov 26 15:51:07 2024
ID         206064678
numax         3037.0
numax_e         60.0
dnu            138.0
dnu_e            3.0
Teff          5513.0
Teff_e           100
bp_rp       0.963101
bp_rp_e          0.1
Type              MS
Np                10
Flag               3
Name: 0, dtype: object
ID: 206064678


Traceback (most recent call last):
  File "/rds/projects/n/nielsemb-plato-peakbagging/george/PBjammy/ThePBjam/PBjammer.py", line 48, in Mode20
    f, s = PSD(ID, 'Standard')
  File "/rds/projects/n/nielsemb-plato-peakbagging/george/PBjammy/ThePBjam/PBjammer.py", line 39, in PSD
    psd = IO.psd(Lightning)
  File "/rds/projects/n/nielsemb-plato-peakbagging/george/PBjammy/ThePBjam/pbjam/IO.py", line 93, in __init__
    self.TS = timeSeries(ID, lk_kwargs, time, flux, flux_err, self.badIdx, self.downloadDir, numax=self.numax)
  File "/rds/projects/n/nielsemb-plato-peakbagging/george/PBjammy/ThePBjam/pbjam/IO.py", line 330, in __init__
    self.time, self.flux, self.flux_err = self._getTS()
  File "/rds/projects/n/nielsemb-plato-peakbagging/george/PBjammy/ThePBjam/pbjam/IO.py", line 432, in _getTS
    search = lk.search_lightcurve(self.ID, **self.lk_kwargs)
  File "/rds/homes/g/gth025/.local/lib/python3.9/site-packages/memoization/caching/plain_cache.py", line 42, in wrapper
    result = user_function(*args, **kwargs)
  File "/rds/homes/g/gth025/.local/lib/python3.9/site-packages/lightkurve/search.py", line 836, in search_lightcurve
    return _search_products(
  File "/rds/homes/g/gth025/.local/lib/python3.9/site-packages/lightkurve/search.py", line 984, in _search_products
    observations = _query_mast(
  File "/rds/homes/g/gth025/.local/lib/python3.9/site-packages/lightkurve/search.py", line 1211, in _query_mast
    obs = Observations.query_criteria(objectname=target, **query_criteria)
  File "/rds/homes/g/gth025/.local/lib/python3.9/site-packages/astroquery/utils/class_or_instance.py", line 25, in f
    return self.fn(obj, *args, **kwds)
  File "/rds/homes/g/gth025/.local/lib/python3.9/site-packages/astroquery/utils/process_asyncs.py", line 26, in newmethod
    response = getattr(self, async_method_name)(*args, **kwargs)
  File "/rds/homes/g/gth025/.local/lib/python3.9/site-packages/astroquery/utils/class_or_instance.py", line 25, in f
    return self.fn(obj, *args, **kwds)
  File "/rds/homes/g/gth025/.local/lib/python3.9/site-packages/astroquery/mast/observations.py", line 279, in query_criteria_async
    position, mashup_filters = self._parse_caom_criteria(**criteria)
  File "/rds/homes/g/gth025/.local/lib/python3.9/site-packages/astroquery/mast/observations.py", line 150, in _parse_caom_criteria
    if coordinates or objectname:
  File "/rds/homes/g/gth025/.local/lib/python3.9/site-packages/pandas/core/generic.py", line 1577, in __nonzero__
    raise ValueError(
ValueError: The truth value of a DataFrame is ambiguous. Use a.empty, a.bool(), a.item(), a.any() or a.all().

During handling of the above exception, another exception occurred:

Traceback (most recent call last):
  File "/rds/projects/n/nielsemb-plato-peakbagging/george/PBjammy/ThePBjam/PBjammer.py", line 55, in Mode20
    f, s = PSD(ID, 'Standard')
  File "/rds/projects/n/nielsemb-plato-peakbagging/george/PBjammy/ThePBjam/PBjammer.py", line 39, in PSD
    psd = IO.psd(Lightning)
  File "/rds/projects/n/nielsemb-plato-peakbagging/george/PBjammy/ThePBjam/pbjam/IO.py", line 93, in __init__
    self.TS = timeSeries(ID, lk_kwargs, time, flux, flux_err, self.badIdx, self.downloadDir, numax=self.numax)
  File "/rds/projects/n/nielsemb-plato-peakbagging/george/PBjammy/ThePBjam/pbjam/IO.py", line 330, in __init__
    self.time, self.flux, self.flux_err = self._getTS()
  File "/rds/projects/n/nielsemb-plato-peakbagging/george/PBjammy/ThePBjam/pbjam/IO.py", line 432, in _getTS
    search = lk.search_lightcurve(self.ID, **self.lk_kwargs)
  File "/rds/homes/g/gth025/.local/lib/python3.9/site-packages/memoization/caching/plain_cache.py", line 42, in wrapper
    result = user_function(*args, **kwargs)
  File "/rds/homes/g/gth025/.local/lib/python3.9/site-packages/lightkurve/search.py", line 836, in search_lightcurve
    return _search_products(
  File "/rds/homes/g/gth025/.local/lib/python3.9/site-packages/lightkurve/search.py", line 984, in _search_products
    observations = _query_mast(
  File "/rds/homes/g/gth025/.local/lib/python3.9/site-packages/lightkurve/search.py", line 1211, in _query_mast
    obs = Observations.query_criteria(objectname=target, **query_criteria)
  File "/rds/homes/g/gth025/.local/lib/python3.9/site-packages/astroquery/utils/class_or_instance.py", line 25, in f
    return self.fn(obj, *args, **kwds)
  File "/rds/homes/g/gth025/.local/lib/python3.9/site-packages/astroquery/utils/process_asyncs.py", line 26, in newmethod
    response = getattr(self, async_method_name)(*args, **kwargs)
  File "/rds/homes/g/gth025/.local/lib/python3.9/site-packages/astroquery/utils/class_or_instance.py", line 25, in f
    return self.fn(obj, *args, **kwds)
  File "/rds/homes/g/gth025/.local/lib/python3.9/site-packages/astroquery/mast/observations.py", line 279, in query_criteria_async
    position, mashup_filters = self._parse_caom_criteria(**criteria)
  File "/rds/homes/g/gth025/.local/lib/python3.9/site-packages/astroquery/mast/observations.py", line 150, in _parse_caom_criteria
    if coordinates or objectname:
  File "/rds/homes/g/gth025/.local/lib/python3.9/site-packages/pandas/core/generic.py", line 1577, in __nonzero__
    raise ValueError(
ValueError: The truth value of a DataFrame is ambiguous. Use a.empty, a.bool(), a.item(), a.any() or a.all().

During handling of the above exception, another exception occurred:

Traceback (most recent call last):
  File "/rds/projects/n/nielsemb-plato-peakbagging/george/PBjammy/ThePBjam/TheActivator.py", line 86, in LetUsBegin
    Activate(n)
  File "/rds/projects/n/nielsemb-plato-peakbagging/george/PBjammy/ThePBjam/TheActivator.py", line 46, in Activate
    Result, f, s, M = ModeResult(BigData.ID[d], BigData.Np[d], (BigData.numax[d], BigData.numax_e[d]),
  File "/rds/projects/n/nielsemb-plato-peakbagging/george/PBjammy/ThePBjam/TheActivator.py", line 25, in ModeResult
    return PBjammer.Run(ID, Np, numax=numax, dnu=dnu, teff=teff, bp_rp=bp_rp, Plot=Plot, l1=l1, Type=Type)
  File "/rds/projects/n/nielsemb-plato-peakbagging/george/PBjammy/ThePBjam/PBjammer.py", line 120, in Run
    Result, f, s, M = Mode20(ID, Np, numax=numax, dnu=dnu, teff=teff, bp_rp=bp_rp, Plot=Plot, l1=l1, Type=Type)
  File "/rds/projects/n/nielsemb-plato-peakbagging/george/PBjammy/ThePBjam/PBjammer.py", line 61, in Mode20
    f, s = PSD(ID, '3-space')
  File "/rds/projects/n/nielsemb-plato-peakbagging/george/PBjammy/ThePBjam/PBjammer.py", line 37, in PSD
    Lightning = pd.read_csv(f'{Directory}/LightCurves/ktwo{ID}_01_kasoc-psd_slc_v1.pow', comment='#', names=['Frequency', 'Power'], sep='   ')
  File "/rds/homes/g/gth025/.local/lib/python3.9/site-packages/pandas/io/parsers/readers.py", line 1026, in read_csv
    return _read(filepath_or_buffer, kwds)
  File "/rds/homes/g/gth025/.local/lib/python3.9/site-packages/pandas/io/parsers/readers.py", line 620, in _read
    parser = TextFileReader(filepath_or_buffer, **kwds)
  File "/rds/homes/g/gth025/.local/lib/python3.9/site-packages/pandas/io/parsers/readers.py", line 1620, in __init__
    self._engine = self._make_engine(f, self.engine)
  File "/rds/homes/g/gth025/.local/lib/python3.9/site-packages/pandas/io/parsers/readers.py", line 1880, in _make_engine
    self.handles = get_handle(
  File "/rds/homes/g/gth025/.local/lib/python3.9/site-packages/pandas/io/common.py", line 873, in get_handle
    handle = open(
FileNotFoundError: [Errno 2] No such file or directory: '/rds/projects/n/nielsemb-plato-peakbagging/george/PBjammy/LightCurves/ktwo206064678_01_kasoc-psd_slc_v1.pow'
Tue Nov 26 15:53:45 2024
ID         206064678
numax         3037.0
numax_e         60.0
dnu            138.0
dnu_e            3.0
Teff          5513.0
Teff_e           100
bp_rp       0.963101
bp_rp_e          0.1
Type              MS
Np                10
Flag               3
Name: 0, dtype: object
ID: 206064678


Traceback (most recent call last):
  File "/rds/projects/n/nielsemb-plato-peakbagging/george/PBjammy/ThePBjam/PBjammer.py", line 48, in Mode20
    f, s = PSD(ID, 'Text')
  File "/rds/projects/n/nielsemb-plato-peakbagging/george/PBjammy/ThePBjam/PBjammer.py", line 39, in PSD
    psd = IO.psd(Lightning)
  File "/rds/projects/n/nielsemb-plato-peakbagging/george/PBjammy/ThePBjam/pbjam/IO.py", line 93, in __init__
    self.TS = timeSeries(ID, lk_kwargs, time, flux, flux_err, self.badIdx, self.downloadDir, numax=self.numax)
  File "/rds/projects/n/nielsemb-plato-peakbagging/george/PBjammy/ThePBjam/pbjam/IO.py", line 330, in __init__
    self.time, self.flux, self.flux_err = self._getTS()
  File "/rds/projects/n/nielsemb-plato-peakbagging/george/PBjammy/ThePBjam/pbjam/IO.py", line 432, in _getTS
    search = lk.search_lightcurve(self.ID, **self.lk_kwargs)
  File "/rds/homes/g/gth025/.local/lib/python3.9/site-packages/memoization/caching/plain_cache.py", line 42, in wrapper
    result = user_function(*args, **kwargs)
  File "/rds/homes/g/gth025/.local/lib/python3.9/site-packages/lightkurve/search.py", line 836, in search_lightcurve
    return _search_products(
  File "/rds/homes/g/gth025/.local/lib/python3.9/site-packages/lightkurve/search.py", line 984, in _search_products
    observations = _query_mast(
  File "/rds/homes/g/gth025/.local/lib/python3.9/site-packages/lightkurve/search.py", line 1211, in _query_mast
    obs = Observations.query_criteria(objectname=target, **query_criteria)
  File "/rds/homes/g/gth025/.local/lib/python3.9/site-packages/astroquery/utils/class_or_instance.py", line 25, in f
    return self.fn(obj, *args, **kwds)
  File "/rds/homes/g/gth025/.local/lib/python3.9/site-packages/astroquery/utils/process_asyncs.py", line 26, in newmethod
    response = getattr(self, async_method_name)(*args, **kwargs)
  File "/rds/homes/g/gth025/.local/lib/python3.9/site-packages/astroquery/utils/class_or_instance.py", line 25, in f
    return self.fn(obj, *args, **kwds)
  File "/rds/homes/g/gth025/.local/lib/python3.9/site-packages/astroquery/mast/observations.py", line 279, in query_criteria_async
    position, mashup_filters = self._parse_caom_criteria(**criteria)
  File "/rds/homes/g/gth025/.local/lib/python3.9/site-packages/astroquery/mast/observations.py", line 150, in _parse_caom_criteria
    if coordinates or objectname:
  File "/rds/homes/g/gth025/.local/lib/python3.9/site-packages/pandas/core/generic.py", line 1577, in __nonzero__
    raise ValueError(
ValueError: The truth value of a DataFrame is ambiguous. Use a.empty, a.bool(), a.item(), a.any() or a.all().

During handling of the above exception, another exception occurred:

Traceback (most recent call last):
  File "/rds/projects/n/nielsemb-plato-peakbagging/george/PBjammy/ThePBjam/PBjammer.py", line 55, in Mode20
    f, s = PSD(ID, 'Standard')
  File "/rds/projects/n/nielsemb-plato-peakbagging/george/PBjammy/ThePBjam/PBjammer.py", line 39, in PSD
    psd = IO.psd(Lightning)
  File "/rds/projects/n/nielsemb-plato-peakbagging/george/PBjammy/ThePBjam/pbjam/IO.py", line 93, in __init__
    self.TS = timeSeries(ID, lk_kwargs, time, flux, flux_err, self.badIdx, self.downloadDir, numax=self.numax)
  File "/rds/projects/n/nielsemb-plato-peakbagging/george/PBjammy/ThePBjam/pbjam/IO.py", line 330, in __init__
    self.time, self.flux, self.flux_err = self._getTS()
  File "/rds/projects/n/nielsemb-plato-peakbagging/george/PBjammy/ThePBjam/pbjam/IO.py", line 432, in _getTS
    search = lk.search_lightcurve(self.ID, **self.lk_kwargs)
  File "/rds/homes/g/gth025/.local/lib/python3.9/site-packages/memoization/caching/plain_cache.py", line 42, in wrapper
    result = user_function(*args, **kwargs)
  File "/rds/homes/g/gth025/.local/lib/python3.9/site-packages/lightkurve/search.py", line 836, in search_lightcurve
    return _search_products(
  File "/rds/homes/g/gth025/.local/lib/python3.9/site-packages/lightkurve/search.py", line 984, in _search_products
    observations = _query_mast(
  File "/rds/homes/g/gth025/.local/lib/python3.9/site-packages/lightkurve/search.py", line 1211, in _query_mast
    obs = Observations.query_criteria(objectname=target, **query_criteria)
  File "/rds/homes/g/gth025/.local/lib/python3.9/site-packages/astroquery/utils/class_or_instance.py", line 25, in f
    return self.fn(obj, *args, **kwds)
  File "/rds/homes/g/gth025/.local/lib/python3.9/site-packages/astroquery/utils/process_asyncs.py", line 26, in newmethod
    response = getattr(self, async_method_name)(*args, **kwargs)
  File "/rds/homes/g/gth025/.local/lib/python3.9/site-packages/astroquery/utils/class_or_instance.py", line 25, in f
    return self.fn(obj, *args, **kwds)
  File "/rds/homes/g/gth025/.local/lib/python3.9/site-packages/astroquery/mast/observations.py", line 279, in query_criteria_async
    position, mashup_filters = self._parse_caom_criteria(**criteria)
  File "/rds/homes/g/gth025/.local/lib/python3.9/site-packages/astroquery/mast/observations.py", line 150, in _parse_caom_criteria
    if coordinates or objectname:
  File "/rds/homes/g/gth025/.local/lib/python3.9/site-packages/pandas/core/generic.py", line 1577, in __nonzero__
    raise ValueError(
ValueError: The truth value of a DataFrame is ambiguous. Use a.empty, a.bool(), a.item(), a.any() or a.all().

During handling of the above exception, another exception occurred:

Traceback (most recent call last):
  File "/rds/projects/n/nielsemb-plato-peakbagging/george/PBjammy/ThePBjam/TheActivator.py", line 86, in LetUsBegin
    Activate(n)
  File "/rds/projects/n/nielsemb-plato-peakbagging/george/PBjammy/ThePBjam/TheActivator.py", line 46, in Activate
    Result, f, s, M = ModeResult(BigData.ID[d], BigData.Np[d], (BigData.numax[d], BigData.numax_e[d]),
  File "/rds/projects/n/nielsemb-plato-peakbagging/george/PBjammy/ThePBjam/TheActivator.py", line 25, in ModeResult
    return PBjammer.Run(ID, Np, numax=numax, dnu=dnu, teff=teff, bp_rp=bp_rp, Plot=Plot, l1=l1, Type=Type)
  File "/rds/projects/n/nielsemb-plato-peakbagging/george/PBjammy/ThePBjam/PBjammer.py", line 120, in Run
    Result, f, s, M = Mode20(ID, Np, numax=numax, dnu=dnu, teff=teff, bp_rp=bp_rp, Plot=Plot, l1=l1, Type=Type)
  File "/rds/projects/n/nielsemb-plato-peakbagging/george/PBjammy/ThePBjam/PBjammer.py", line 61, in Mode20
    f, s = PSD(ID, '3-space')
  File "/rds/projects/n/nielsemb-plato-peakbagging/george/PBjammy/ThePBjam/PBjammer.py", line 39, in PSD
    psd = IO.psd(Lightning)
  File "/rds/projects/n/nielsemb-plato-peakbagging/george/PBjammy/ThePBjam/pbjam/IO.py", line 93, in __init__
    self.TS = timeSeries(ID, lk_kwargs, time, flux, flux_err, self.badIdx, self.downloadDir, numax=self.numax)
  File "/rds/projects/n/nielsemb-plato-peakbagging/george/PBjammy/ThePBjam/pbjam/IO.py", line 330, in __init__
    self.time, self.flux, self.flux_err = self._getTS()
  File "/rds/projects/n/nielsemb-plato-peakbagging/george/PBjammy/ThePBjam/pbjam/IO.py", line 432, in _getTS
    search = lk.search_lightcurve(self.ID, **self.lk_kwargs)
  File "/rds/homes/g/gth025/.local/lib/python3.9/site-packages/memoization/caching/plain_cache.py", line 42, in wrapper
    result = user_function(*args, **kwargs)
  File "/rds/homes/g/gth025/.local/lib/python3.9/site-packages/lightkurve/search.py", line 836, in search_lightcurve
    return _search_products(
  File "/rds/homes/g/gth025/.local/lib/python3.9/site-packages/lightkurve/search.py", line 984, in _search_products
    observations = _query_mast(
  File "/rds/homes/g/gth025/.local/lib/python3.9/site-packages/lightkurve/search.py", line 1211, in _query_mast
    obs = Observations.query_criteria(objectname=target, **query_criteria)
  File "/rds/homes/g/gth025/.local/lib/python3.9/site-packages/astroquery/utils/class_or_instance.py", line 25, in f
    return self.fn(obj, *args, **kwds)
  File "/rds/homes/g/gth025/.local/lib/python3.9/site-packages/astroquery/utils/process_asyncs.py", line 26, in newmethod
    response = getattr(self, async_method_name)(*args, **kwargs)
  File "/rds/homes/g/gth025/.local/lib/python3.9/site-packages/astroquery/utils/class_or_instance.py", line 25, in f
    return self.fn(obj, *args, **kwds)
  File "/rds/homes/g/gth025/.local/lib/python3.9/site-packages/astroquery/mast/observations.py", line 279, in query_criteria_async
    position, mashup_filters = self._parse_caom_criteria(**criteria)
  File "/rds/homes/g/gth025/.local/lib/python3.9/site-packages/astroquery/mast/observations.py", line 150, in _parse_caom_criteria
    if coordinates or objectname:
  File "/rds/homes/g/gth025/.local/lib/python3.9/site-packages/pandas/core/generic.py", line 1577, in __nonzero__
    raise ValueError(
ValueError: The truth value of a DataFrame is ambiguous. Use a.empty, a.bool(), a.item(), a.any() or a.all().
Tue Nov 26 15:57:16 2024
ID         206064678
numax         3037.0
numax_e         60.0
dnu            138.0
dnu_e            3.0
Teff          5513.0
Teff_e           100
bp_rp       0.963101
bp_rp_e          0.1
Type              MS
Np                10
Flag               3
Name: 0, dtype: object
ID: 206064678
Contacting Text File
Standard Configuration
Activating 3-space separation


Traceback (most recent call last):
  File "/rds/projects/n/nielsemb-plato-peakbagging/george/PBjammy/ThePBjam/PBjammer.py", line 49, in Mode20
    f, s = PSD(ID, 'Text')
  File "/rds/projects/n/nielsemb-plato-peakbagging/george/PBjammy/ThePBjam/PBjammer.py", line 39, in PSD
    psd = IO.psd(Lightning)
  File "/rds/projects/n/nielsemb-plato-peakbagging/george/PBjammy/ThePBjam/pbjam/IO.py", line 93, in __init__
    self.TS = timeSeries(ID, lk_kwargs, time, flux, flux_err, self.badIdx, self.downloadDir, numax=self.numax)
  File "/rds/projects/n/nielsemb-plato-peakbagging/george/PBjammy/ThePBjam/pbjam/IO.py", line 330, in __init__
    self.time, self.flux, self.flux_err = self._getTS()
  File "/rds/projects/n/nielsemb-plato-peakbagging/george/PBjammy/ThePBjam/pbjam/IO.py", line 432, in _getTS
    search = lk.search_lightcurve(self.ID, **self.lk_kwargs)
  File "/rds/homes/g/gth025/.local/lib/python3.9/site-packages/memoization/caching/plain_cache.py", line 42, in wrapper
    result = user_function(*args, **kwargs)
  File "/rds/homes/g/gth025/.local/lib/python3.9/site-packages/lightkurve/search.py", line 836, in search_lightcurve
    return _search_products(
  File "/rds/homes/g/gth025/.local/lib/python3.9/site-packages/lightkurve/search.py", line 984, in _search_products
    observations = _query_mast(
  File "/rds/homes/g/gth025/.local/lib/python3.9/site-packages/lightkurve/search.py", line 1211, in _query_mast
    obs = Observations.query_criteria(objectname=target, **query_criteria)
  File "/rds/homes/g/gth025/.local/lib/python3.9/site-packages/astroquery/utils/class_or_instance.py", line 25, in f
    return self.fn(obj, *args, **kwds)
  File "/rds/homes/g/gth025/.local/lib/python3.9/site-packages/astroquery/utils/process_asyncs.py", line 26, in newmethod
    response = getattr(self, async_method_name)(*args, **kwargs)
  File "/rds/homes/g/gth025/.local/lib/python3.9/site-packages/astroquery/utils/class_or_instance.py", line 25, in f
    return self.fn(obj, *args, **kwds)
  File "/rds/homes/g/gth025/.local/lib/python3.9/site-packages/astroquery/mast/observations.py", line 279, in query_criteria_async
    position, mashup_filters = self._parse_caom_criteria(**criteria)
  File "/rds/homes/g/gth025/.local/lib/python3.9/site-packages/astroquery/mast/observations.py", line 150, in _parse_caom_criteria
    if coordinates or objectname:
  File "/rds/homes/g/gth025/.local/lib/python3.9/site-packages/pandas/core/generic.py", line 1577, in __nonzero__
    raise ValueError(
ValueError: The truth value of a DataFrame is ambiguous. Use a.empty, a.bool(), a.item(), a.any() or a.all().

During handling of the above exception, another exception occurred:

Traceback (most recent call last):
  File "/rds/projects/n/nielsemb-plato-peakbagging/george/PBjammy/ThePBjam/PBjammer.py", line 56, in Mode20
    f, s = PSD(ID, 'Standard')
  File "/rds/projects/n/nielsemb-plato-peakbagging/george/PBjammy/ThePBjam/PBjammer.py", line 39, in PSD
    psd = IO.psd(Lightning)
  File "/rds/projects/n/nielsemb-plato-peakbagging/george/PBjammy/ThePBjam/pbjam/IO.py", line 93, in __init__
    self.TS = timeSeries(ID, lk_kwargs, time, flux, flux_err, self.badIdx, self.downloadDir, numax=self.numax)
  File "/rds/projects/n/nielsemb-plato-peakbagging/george/PBjammy/ThePBjam/pbjam/IO.py", line 330, in __init__
    self.time, self.flux, self.flux_err = self._getTS()
  File "/rds/projects/n/nielsemb-plato-peakbagging/george/PBjammy/ThePBjam/pbjam/IO.py", line 432, in _getTS
    search = lk.search_lightcurve(self.ID, **self.lk_kwargs)
  File "/rds/homes/g/gth025/.local/lib/python3.9/site-packages/memoization/caching/plain_cache.py", line 42, in wrapper
    result = user_function(*args, **kwargs)
  File "/rds/homes/g/gth025/.local/lib/python3.9/site-packages/lightkurve/search.py", line 836, in search_lightcurve
    return _search_products(
  File "/rds/homes/g/gth025/.local/lib/python3.9/site-packages/lightkurve/search.py", line 984, in _search_products
    observations = _query_mast(
  File "/rds/homes/g/gth025/.local/lib/python3.9/site-packages/lightkurve/search.py", line 1211, in _query_mast
    obs = Observations.query_criteria(objectname=target, **query_criteria)
  File "/rds/homes/g/gth025/.local/lib/python3.9/site-packages/astroquery/utils/class_or_instance.py", line 25, in f
    return self.fn(obj, *args, **kwds)
  File "/rds/homes/g/gth025/.local/lib/python3.9/site-packages/astroquery/utils/process_asyncs.py", line 26, in newmethod
    response = getattr(self, async_method_name)(*args, **kwargs)
  File "/rds/homes/g/gth025/.local/lib/python3.9/site-packages/astroquery/utils/class_or_instance.py", line 25, in f
    return self.fn(obj, *args, **kwds)
  File "/rds/homes/g/gth025/.local/lib/python3.9/site-packages/astroquery/mast/observations.py", line 279, in query_criteria_async
    position, mashup_filters = self._parse_caom_criteria(**criteria)
  File "/rds/homes/g/gth025/.local/lib/python3.9/site-packages/astroquery/mast/observations.py", line 150, in _parse_caom_criteria
    if coordinates or objectname:
  File "/rds/homes/g/gth025/.local/lib/python3.9/site-packages/pandas/core/generic.py", line 1577, in __nonzero__
    raise ValueError(
ValueError: The truth value of a DataFrame is ambiguous. Use a.empty, a.bool(), a.item(), a.any() or a.all().

During handling of the above exception, another exception occurred:

Traceback (most recent call last):
  File "/rds/projects/n/nielsemb-plato-peakbagging/george/PBjammy/ThePBjam/TheActivator.py", line 86, in LetUsBegin
    Activate(n)
  File "/rds/projects/n/nielsemb-plato-peakbagging/george/PBjammy/ThePBjam/TheActivator.py", line 46, in Activate
    Result, f, s, M = ModeResult(BigData.ID[d], BigData.Np[d], (BigData.numax[d], BigData.numax_e[d]),
  File "/rds/projects/n/nielsemb-plato-peakbagging/george/PBjammy/ThePBjam/TheActivator.py", line 25, in ModeResult
    return PBjammer.Run(ID, Np, numax=numax, dnu=dnu, teff=teff, bp_rp=bp_rp, Plot=Plot, l1=l1, Type=Type)
  File "/rds/projects/n/nielsemb-plato-peakbagging/george/PBjammy/ThePBjam/PBjammer.py", line 120, in Run
    Result, f, s, M = Mode20(ID, Np, numax=numax, dnu=dnu, teff=teff, bp_rp=bp_rp, Plot=Plot, l1=l1, Type=Type)
  File "/rds/projects/n/nielsemb-plato-peakbagging/george/PBjammy/ThePBjam/PBjammer.py", line 62, in Mode20
    f, s = PSD(ID, '3-space')
  File "/rds/projects/n/nielsemb-plato-peakbagging/george/PBjammy/ThePBjam/PBjammer.py", line 39, in PSD
    psd = IO.psd(Lightning)
  File "/rds/projects/n/nielsemb-plato-peakbagging/george/PBjammy/ThePBjam/pbjam/IO.py", line 93, in __init__
    self.TS = timeSeries(ID, lk_kwargs, time, flux, flux_err, self.badIdx, self.downloadDir, numax=self.numax)
  File "/rds/projects/n/nielsemb-plato-peakbagging/george/PBjammy/ThePBjam/pbjam/IO.py", line 330, in __init__
    self.time, self.flux, self.flux_err = self._getTS()
  File "/rds/projects/n/nielsemb-plato-peakbagging/george/PBjammy/ThePBjam/pbjam/IO.py", line 432, in _getTS
    search = lk.search_lightcurve(self.ID, **self.lk_kwargs)
  File "/rds/homes/g/gth025/.local/lib/python3.9/site-packages/memoization/caching/plain_cache.py", line 42, in wrapper
    result = user_function(*args, **kwargs)
  File "/rds/homes/g/gth025/.local/lib/python3.9/site-packages/lightkurve/search.py", line 836, in search_lightcurve
    return _search_products(
  File "/rds/homes/g/gth025/.local/lib/python3.9/site-packages/lightkurve/search.py", line 984, in _search_products
    observations = _query_mast(
  File "/rds/homes/g/gth025/.local/lib/python3.9/site-packages/lightkurve/search.py", line 1211, in _query_mast
    obs = Observations.query_criteria(objectname=target, **query_criteria)
  File "/rds/homes/g/gth025/.local/lib/python3.9/site-packages/astroquery/utils/class_or_instance.py", line 25, in f
    return self.fn(obj, *args, **kwds)
  File "/rds/homes/g/gth025/.local/lib/python3.9/site-packages/astroquery/utils/process_asyncs.py", line 26, in newmethod
    response = getattr(self, async_method_name)(*args, **kwargs)
  File "/rds/homes/g/gth025/.local/lib/python3.9/site-packages/astroquery/utils/class_or_instance.py", line 25, in f
    return self.fn(obj, *args, **kwds)
  File "/rds/homes/g/gth025/.local/lib/python3.9/site-packages/astroquery/mast/observations.py", line 279, in query_criteria_async
    position, mashup_filters = self._parse_caom_criteria(**criteria)
  File "/rds/homes/g/gth025/.local/lib/python3.9/site-packages/astroquery/mast/observations.py", line 150, in _parse_caom_criteria
    if coordinates or objectname:
  File "/rds/homes/g/gth025/.local/lib/python3.9/site-packages/pandas/core/generic.py", line 1577, in __nonzero__
    raise ValueError(
ValueError: The truth value of a DataFrame is ambiguous. Use a.empty, a.bool(), a.item(), a.any() or a.all().
Tue Nov 26 16:00:35 2024
ID         206064678
numax         3037.0
numax_e         60.0
dnu            138.0
dnu_e            3.0
Teff          5513.0
Teff_e           100
bp_rp       0.963101
bp_rp_e          0.1
Type              MS
Np                10
Flag               3
Name: 0, dtype: object
ID: 206064678
Contacting Text File
                                          Frequency  ... PowerAvg
#                                              Time  ...    [ppm]
2.144093714847971569e+03  -1.214883749156570047e-05  ...      NaN
2.144094395886968414e+03  -2.361759237468064043e+01  ...      NaN
2.144095076925965259e+03   1.073897811809665370e+02  ...      NaN
2.144095757964962104e+03  -6.750407964639660463e+01  ...      NaN
...                                             ...  ...      ...
2.213270931991501129e+03  -1.653717340721616580e+01  ...      NaN
2.213271613030497974e+03  -2.920591955768436776e+01  ...      NaN
2.213272294069494819e+03   6.354693422205848208e+01  ...      NaN
2.213272975108491664e+03   1.733537757786507427e-04  ...      NaN
2.213273656147488509e+03  -1.703613554671079555e+01  ...      NaN

[101582 rows x 4 columns]
Standard Configuration
          Frequency       Power
0       2144.093715   -0.000012
1       2144.094396  -23.617592
2       2144.095077  107.389781
3       2144.095758  -67.504080
4       2144.096439    2.534548
...             ...         ...
101576  2213.270932  -16.537173
101577  2213.271613  -29.205920
101578  2213.272294   63.546934
101579  2213.272975    0.000173
101580  2213.273656  -17.036136

[101581 rows x 2 columns]
Activating 3-space separation
                                                Frequency  Power
0       2.144093714847971569e+03 -1.214883749156570047...    NaN
1       2.144094395886968414e+03 -2.361759237468064043...    NaN
2       2.144095076925965259e+03 1.073897811809665370e+02    NaN
3       2.144095757964962104e+03 -6.750407964639660463...    NaN
4       2.144096439003958949e+03 2.534547828725308705e+00    NaN
...                                                   ...    ...
101576  2.213270931991501129e+03 -1.653717340721616580...    NaN
101577  2.213271613030497974e+03 -2.920591955768436776...    NaN
101578  2.213272294069494819e+03 6.354693422205848208e+01    NaN
101579  2.213272975108491664e+03 1.733537757786507427e-04    NaN
101580  2.213273656147488509e+03 -1.703613554671079555...    NaN

[101581 rows x 2 columns]


Traceback (most recent call last):
  File "/rds/projects/n/nielsemb-plato-peakbagging/george/PBjammy/ThePBjam/PBjammer.py", line 50, in Mode20
    f, s = PSD(ID, 'Text')
  File "/rds/projects/n/nielsemb-plato-peakbagging/george/PBjammy/ThePBjam/PBjammer.py", line 40, in PSD
    psd = IO.psd(Lightning)
  File "/rds/projects/n/nielsemb-plato-peakbagging/george/PBjammy/ThePBjam/pbjam/IO.py", line 93, in __init__
    self.TS = timeSeries(ID, lk_kwargs, time, flux, flux_err, self.badIdx, self.downloadDir, numax=self.numax)
  File "/rds/projects/n/nielsemb-plato-peakbagging/george/PBjammy/ThePBjam/pbjam/IO.py", line 330, in __init__
    self.time, self.flux, self.flux_err = self._getTS()
  File "/rds/projects/n/nielsemb-plato-peakbagging/george/PBjammy/ThePBjam/pbjam/IO.py", line 432, in _getTS
    search = lk.search_lightcurve(self.ID, **self.lk_kwargs)
  File "/rds/homes/g/gth025/.local/lib/python3.9/site-packages/memoization/caching/plain_cache.py", line 42, in wrapper
    result = user_function(*args, **kwargs)
  File "/rds/homes/g/gth025/.local/lib/python3.9/site-packages/lightkurve/search.py", line 836, in search_lightcurve
    return _search_products(
  File "/rds/homes/g/gth025/.local/lib/python3.9/site-packages/lightkurve/search.py", line 984, in _search_products
    observations = _query_mast(
  File "/rds/homes/g/gth025/.local/lib/python3.9/site-packages/lightkurve/search.py", line 1211, in _query_mast
    obs = Observations.query_criteria(objectname=target, **query_criteria)
  File "/rds/homes/g/gth025/.local/lib/python3.9/site-packages/astroquery/utils/class_or_instance.py", line 25, in f
    return self.fn(obj, *args, **kwds)
  File "/rds/homes/g/gth025/.local/lib/python3.9/site-packages/astroquery/utils/process_asyncs.py", line 26, in newmethod
    response = getattr(self, async_method_name)(*args, **kwargs)
  File "/rds/homes/g/gth025/.local/lib/python3.9/site-packages/astroquery/utils/class_or_instance.py", line 25, in f
    return self.fn(obj, *args, **kwds)
  File "/rds/homes/g/gth025/.local/lib/python3.9/site-packages/astroquery/mast/observations.py", line 279, in query_criteria_async
    position, mashup_filters = self._parse_caom_criteria(**criteria)
  File "/rds/homes/g/gth025/.local/lib/python3.9/site-packages/astroquery/mast/observations.py", line 150, in _parse_caom_criteria
    if coordinates or objectname:
  File "/rds/homes/g/gth025/.local/lib/python3.9/site-packages/pandas/core/generic.py", line 1577, in __nonzero__
    raise ValueError(
ValueError: The truth value of a DataFrame is ambiguous. Use a.empty, a.bool(), a.item(), a.any() or a.all().

During handling of the above exception, another exception occurred:

Traceback (most recent call last):
  File "/rds/projects/n/nielsemb-plato-peakbagging/george/PBjammy/ThePBjam/PBjammer.py", line 57, in Mode20
    f, s = PSD(ID, 'Standard')
  File "/rds/projects/n/nielsemb-plato-peakbagging/george/PBjammy/ThePBjam/PBjammer.py", line 40, in PSD
    psd = IO.psd(Lightning)
  File "/rds/projects/n/nielsemb-plato-peakbagging/george/PBjammy/ThePBjam/pbjam/IO.py", line 93, in __init__
    self.TS = timeSeries(ID, lk_kwargs, time, flux, flux_err, self.badIdx, self.downloadDir, numax=self.numax)
  File "/rds/projects/n/nielsemb-plato-peakbagging/george/PBjammy/ThePBjam/pbjam/IO.py", line 330, in __init__
    self.time, self.flux, self.flux_err = self._getTS()
  File "/rds/projects/n/nielsemb-plato-peakbagging/george/PBjammy/ThePBjam/pbjam/IO.py", line 432, in _getTS
    search = lk.search_lightcurve(self.ID, **self.lk_kwargs)
  File "/rds/homes/g/gth025/.local/lib/python3.9/site-packages/memoization/caching/plain_cache.py", line 42, in wrapper
    result = user_function(*args, **kwargs)
  File "/rds/homes/g/gth025/.local/lib/python3.9/site-packages/lightkurve/search.py", line 836, in search_lightcurve
    return _search_products(
  File "/rds/homes/g/gth025/.local/lib/python3.9/site-packages/lightkurve/search.py", line 984, in _search_products
    observations = _query_mast(
  File "/rds/homes/g/gth025/.local/lib/python3.9/site-packages/lightkurve/search.py", line 1211, in _query_mast
    obs = Observations.query_criteria(objectname=target, **query_criteria)
  File "/rds/homes/g/gth025/.local/lib/python3.9/site-packages/astroquery/utils/class_or_instance.py", line 25, in f
    return self.fn(obj, *args, **kwds)
  File "/rds/homes/g/gth025/.local/lib/python3.9/site-packages/astroquery/utils/process_asyncs.py", line 26, in newmethod
    response = getattr(self, async_method_name)(*args, **kwargs)
  File "/rds/homes/g/gth025/.local/lib/python3.9/site-packages/astroquery/utils/class_or_instance.py", line 25, in f
    return self.fn(obj, *args, **kwds)
  File "/rds/homes/g/gth025/.local/lib/python3.9/site-packages/astroquery/mast/observations.py", line 279, in query_criteria_async
    position, mashup_filters = self._parse_caom_criteria(**criteria)
  File "/rds/homes/g/gth025/.local/lib/python3.9/site-packages/astroquery/mast/observations.py", line 150, in _parse_caom_criteria
    if coordinates or objectname:
  File "/rds/homes/g/gth025/.local/lib/python3.9/site-packages/pandas/core/generic.py", line 1577, in __nonzero__
    raise ValueError(
ValueError: The truth value of a DataFrame is ambiguous. Use a.empty, a.bool(), a.item(), a.any() or a.all().

During handling of the above exception, another exception occurred:

Traceback (most recent call last):
  File "/rds/projects/n/nielsemb-plato-peakbagging/george/PBjammy/ThePBjam/TheActivator.py", line 86, in LetUsBegin
    Activate(n)
  File "/rds/projects/n/nielsemb-plato-peakbagging/george/PBjammy/ThePBjam/TheActivator.py", line 46, in Activate
    Result, f, s, M = ModeResult(BigData.ID[d], BigData.Np[d], (BigData.numax[d], BigData.numax_e[d]),
  File "/rds/projects/n/nielsemb-plato-peakbagging/george/PBjammy/ThePBjam/TheActivator.py", line 25, in ModeResult
    return PBjammer.Run(ID, Np, numax=numax, dnu=dnu, teff=teff, bp_rp=bp_rp, Plot=Plot, l1=l1, Type=Type)
  File "/rds/projects/n/nielsemb-plato-peakbagging/george/PBjammy/ThePBjam/PBjammer.py", line 121, in Run
    Result, f, s, M = Mode20(ID, Np, numax=numax, dnu=dnu, teff=teff, bp_rp=bp_rp, Plot=Plot, l1=l1, Type=Type)
  File "/rds/projects/n/nielsemb-plato-peakbagging/george/PBjammy/ThePBjam/PBjammer.py", line 63, in Mode20
    f, s = PSD(ID, '3-space')
  File "/rds/projects/n/nielsemb-plato-peakbagging/george/PBjammy/ThePBjam/PBjammer.py", line 40, in PSD
    psd = IO.psd(Lightning)
  File "/rds/projects/n/nielsemb-plato-peakbagging/george/PBjammy/ThePBjam/pbjam/IO.py", line 93, in __init__
    self.TS = timeSeries(ID, lk_kwargs, time, flux, flux_err, self.badIdx, self.downloadDir, numax=self.numax)
  File "/rds/projects/n/nielsemb-plato-peakbagging/george/PBjammy/ThePBjam/pbjam/IO.py", line 330, in __init__
    self.time, self.flux, self.flux_err = self._getTS()
  File "/rds/projects/n/nielsemb-plato-peakbagging/george/PBjammy/ThePBjam/pbjam/IO.py", line 432, in _getTS
    search = lk.search_lightcurve(self.ID, **self.lk_kwargs)
  File "/rds/homes/g/gth025/.local/lib/python3.9/site-packages/memoization/caching/plain_cache.py", line 42, in wrapper
    result = user_function(*args, **kwargs)
  File "/rds/homes/g/gth025/.local/lib/python3.9/site-packages/lightkurve/search.py", line 836, in search_lightcurve
    return _search_products(
  File "/rds/homes/g/gth025/.local/lib/python3.9/site-packages/lightkurve/search.py", line 984, in _search_products
    observations = _query_mast(
  File "/rds/homes/g/gth025/.local/lib/python3.9/site-packages/lightkurve/search.py", line 1211, in _query_mast
    obs = Observations.query_criteria(objectname=target, **query_criteria)
  File "/rds/homes/g/gth025/.local/lib/python3.9/site-packages/astroquery/utils/class_or_instance.py", line 25, in f
    return self.fn(obj, *args, **kwds)
  File "/rds/homes/g/gth025/.local/lib/python3.9/site-packages/astroquery/utils/process_asyncs.py", line 26, in newmethod
    response = getattr(self, async_method_name)(*args, **kwargs)
  File "/rds/homes/g/gth025/.local/lib/python3.9/site-packages/astroquery/utils/class_or_instance.py", line 25, in f
    return self.fn(obj, *args, **kwds)
  File "/rds/homes/g/gth025/.local/lib/python3.9/site-packages/astroquery/mast/observations.py", line 279, in query_criteria_async
    position, mashup_filters = self._parse_caom_criteria(**criteria)
  File "/rds/homes/g/gth025/.local/lib/python3.9/site-packages/astroquery/mast/observations.py", line 150, in _parse_caom_criteria
    if coordinates or objectname:
  File "/rds/homes/g/gth025/.local/lib/python3.9/site-packages/pandas/core/generic.py", line 1577, in __nonzero__
    raise ValueError(
ValueError: The truth value of a DataFrame is ambiguous. Use a.empty, a.bool(), a.item(), a.any() or a.all().
Tue Nov 26 16:03:23 2024
ID         206064678
numax         3037.0
numax_e         60.0
dnu            138.0
dnu_e            3.0
Teff          5513.0
Teff_e           100
bp_rp       0.963101
bp_rp_e          0.1
Type              MS
Np                10
Flag               3
Name: 0, dtype: object
ID: 206064678
Contacting Text File
                                          Frequency  ... PowerAvg
#                                              Time  ...    [ppm]
2.144093714847971569e+03  -1.214883749156570047e-05  ...      NaN
2.144094395886968414e+03  -2.361759237468064043e+01  ...      NaN
2.144095076925965259e+03   1.073897811809665370e+02  ...      NaN
2.144095757964962104e+03  -6.750407964639660463e+01  ...      NaN
...                                             ...  ...      ...
2.213270931991501129e+03  -1.653717340721616580e+01  ...      NaN
2.213271613030497974e+03  -2.920591955768436776e+01  ...      NaN
2.213272294069494819e+03   6.354693422205848208e+01  ...      NaN
2.213272975108491664e+03   1.733537757786507427e-04  ...      NaN
2.213273656147488509e+03  -1.703613554671079555e+01  ...      NaN

[101582 rows x 4 columns]
Standard Configuration
          Frequency       Power
0       2144.093715   -0.000012
1       2144.094396  -23.617592
2       2144.095077  107.389781
3       2144.095758  -67.504080
4       2144.096439    2.534548
...             ...         ...
101576  2213.270932  -16.537173
101577  2213.271613  -29.205920
101578  2213.272294   63.546934
101579  2213.272975    0.000173
101580  2213.273656  -17.036136

[101581 rows x 2 columns]
Activating 3-space separation
                                                Frequency  Power
0       2.144093714847971569e+03 -1.214883749156570047...    NaN
1       2.144094395886968414e+03 -2.361759237468064043...    NaN
2       2.144095076925965259e+03 1.073897811809665370e+02    NaN
3       2.144095757964962104e+03 -6.750407964639660463...    NaN
4       2.144096439003958949e+03 2.534547828725308705e+00    NaN
...                                                   ...    ...
101576  2.213270931991501129e+03 -1.653717340721616580...    NaN
101577  2.213271613030497974e+03 -2.920591955768436776...    NaN
101578  2.213272294069494819e+03 6.354693422205848208e+01    NaN
101579  2.213272975108491664e+03 1.733537757786507427e-04    NaN
101580  2.213273656147488509e+03 -1.703613554671079555...    NaN

[101581 rows x 2 columns]


Traceback (most recent call last):
  File "/rds/projects/n/nielsemb-plato-peakbagging/george/PBjammy/ThePBjam/PBjammer.py", line 50, in Mode20
    f, s = PSD(ID, 'Text')
  File "/rds/projects/n/nielsemb-plato-peakbagging/george/PBjammy/ThePBjam/PBjammer.py", line 40, in PSD
    psd = IO.psd(Lightning)
  File "/rds/projects/n/nielsemb-plato-peakbagging/george/PBjammy/ThePBjam/pbjam/IO.py", line 93, in __init__
    self.TS = timeSeries(ID, lk_kwargs, time, flux, flux_err, self.badIdx, self.downloadDir, numax=self.numax)
  File "/rds/projects/n/nielsemb-plato-peakbagging/george/PBjammy/ThePBjam/pbjam/IO.py", line 330, in __init__
    self.time, self.flux, self.flux_err = self._getTS()
  File "/rds/projects/n/nielsemb-plato-peakbagging/george/PBjammy/ThePBjam/pbjam/IO.py", line 432, in _getTS
    search = lk.search_lightcurve(self.ID, **self.lk_kwargs)
  File "/rds/homes/g/gth025/.local/lib/python3.9/site-packages/memoization/caching/plain_cache.py", line 42, in wrapper
    result = user_function(*args, **kwargs)
  File "/rds/homes/g/gth025/.local/lib/python3.9/site-packages/lightkurve/search.py", line 836, in search_lightcurve
    return _search_products(
  File "/rds/homes/g/gth025/.local/lib/python3.9/site-packages/lightkurve/search.py", line 984, in _search_products
    observations = _query_mast(
  File "/rds/homes/g/gth025/.local/lib/python3.9/site-packages/lightkurve/search.py", line 1211, in _query_mast
    obs = Observations.query_criteria(objectname=target, **query_criteria)
  File "/rds/homes/g/gth025/.local/lib/python3.9/site-packages/astroquery/utils/class_or_instance.py", line 25, in f
    return self.fn(obj, *args, **kwds)
  File "/rds/homes/g/gth025/.local/lib/python3.9/site-packages/astroquery/utils/process_asyncs.py", line 26, in newmethod
    response = getattr(self, async_method_name)(*args, **kwargs)
  File "/rds/homes/g/gth025/.local/lib/python3.9/site-packages/astroquery/utils/class_or_instance.py", line 25, in f
    return self.fn(obj, *args, **kwds)
  File "/rds/homes/g/gth025/.local/lib/python3.9/site-packages/astroquery/mast/observations.py", line 279, in query_criteria_async
    position, mashup_filters = self._parse_caom_criteria(**criteria)
  File "/rds/homes/g/gth025/.local/lib/python3.9/site-packages/astroquery/mast/observations.py", line 150, in _parse_caom_criteria
    if coordinates or objectname:
  File "/rds/homes/g/gth025/.local/lib/python3.9/site-packages/pandas/core/generic.py", line 1577, in __nonzero__
    raise ValueError(
ValueError: The truth value of a DataFrame is ambiguous. Use a.empty, a.bool(), a.item(), a.any() or a.all().

During handling of the above exception, another exception occurred:

Traceback (most recent call last):
  File "/rds/projects/n/nielsemb-plato-peakbagging/george/PBjammy/ThePBjam/PBjammer.py", line 57, in Mode20
    f, s = PSD(ID, 'Standard')
  File "/rds/projects/n/nielsemb-plato-peakbagging/george/PBjammy/ThePBjam/PBjammer.py", line 40, in PSD
    psd = IO.psd(Lightning)
  File "/rds/projects/n/nielsemb-plato-peakbagging/george/PBjammy/ThePBjam/pbjam/IO.py", line 93, in __init__
    self.TS = timeSeries(ID, lk_kwargs, time, flux, flux_err, self.badIdx, self.downloadDir, numax=self.numax)
  File "/rds/projects/n/nielsemb-plato-peakbagging/george/PBjammy/ThePBjam/pbjam/IO.py", line 330, in __init__
    self.time, self.flux, self.flux_err = self._getTS()
  File "/rds/projects/n/nielsemb-plato-peakbagging/george/PBjammy/ThePBjam/pbjam/IO.py", line 432, in _getTS
    search = lk.search_lightcurve(self.ID, **self.lk_kwargs)
  File "/rds/homes/g/gth025/.local/lib/python3.9/site-packages/memoization/caching/plain_cache.py", line 42, in wrapper
    result = user_function(*args, **kwargs)
  File "/rds/homes/g/gth025/.local/lib/python3.9/site-packages/lightkurve/search.py", line 836, in search_lightcurve
    return _search_products(
  File "/rds/homes/g/gth025/.local/lib/python3.9/site-packages/lightkurve/search.py", line 984, in _search_products
    observations = _query_mast(
  File "/rds/homes/g/gth025/.local/lib/python3.9/site-packages/lightkurve/search.py", line 1211, in _query_mast
    obs = Observations.query_criteria(objectname=target, **query_criteria)
  File "/rds/homes/g/gth025/.local/lib/python3.9/site-packages/astroquery/utils/class_or_instance.py", line 25, in f
    return self.fn(obj, *args, **kwds)
  File "/rds/homes/g/gth025/.local/lib/python3.9/site-packages/astroquery/utils/process_asyncs.py", line 26, in newmethod
    response = getattr(self, async_method_name)(*args, **kwargs)
  File "/rds/homes/g/gth025/.local/lib/python3.9/site-packages/astroquery/utils/class_or_instance.py", line 25, in f
    return self.fn(obj, *args, **kwds)
  File "/rds/homes/g/gth025/.local/lib/python3.9/site-packages/astroquery/mast/observations.py", line 279, in query_criteria_async
    position, mashup_filters = self._parse_caom_criteria(**criteria)
  File "/rds/homes/g/gth025/.local/lib/python3.9/site-packages/astroquery/mast/observations.py", line 150, in _parse_caom_criteria
    if coordinates or objectname:
  File "/rds/homes/g/gth025/.local/lib/python3.9/site-packages/pandas/core/generic.py", line 1577, in __nonzero__
    raise ValueError(
ValueError: The truth value of a DataFrame is ambiguous. Use a.empty, a.bool(), a.item(), a.any() or a.all().

During handling of the above exception, another exception occurred:

Traceback (most recent call last):
  File "/rds/projects/n/nielsemb-plato-peakbagging/george/PBjammy/ThePBjam/TheActivator.py", line 86, in LetUsBegin
    Activate(n)
  File "/rds/projects/n/nielsemb-plato-peakbagging/george/PBjammy/ThePBjam/TheActivator.py", line 46, in Activate
    Result, f, s, M = ModeResult(BigData.ID[d], BigData.Np[d], (BigData.numax[d], BigData.numax_e[d]),
  File "/rds/projects/n/nielsemb-plato-peakbagging/george/PBjammy/ThePBjam/TheActivator.py", line 25, in ModeResult
    return PBjammer.Run(ID, Np, numax=numax, dnu=dnu, teff=teff, bp_rp=bp_rp, Plot=Plot, l1=l1, Type=Type)
  File "/rds/projects/n/nielsemb-plato-peakbagging/george/PBjammy/ThePBjam/PBjammer.py", line 121, in Run
    Result, f, s, M = Mode20(ID, Np, numax=numax, dnu=dnu, teff=teff, bp_rp=bp_rp, Plot=Plot, l1=l1, Type=Type)
  File "/rds/projects/n/nielsemb-plato-peakbagging/george/PBjammy/ThePBjam/PBjammer.py", line 63, in Mode20
    f, s = PSD(ID, '3-space')
  File "/rds/projects/n/nielsemb-plato-peakbagging/george/PBjammy/ThePBjam/PBjammer.py", line 40, in PSD
    psd = IO.psd(Lightning)
  File "/rds/projects/n/nielsemb-plato-peakbagging/george/PBjammy/ThePBjam/pbjam/IO.py", line 93, in __init__
    self.TS = timeSeries(ID, lk_kwargs, time, flux, flux_err, self.badIdx, self.downloadDir, numax=self.numax)
  File "/rds/projects/n/nielsemb-plato-peakbagging/george/PBjammy/ThePBjam/pbjam/IO.py", line 330, in __init__
    self.time, self.flux, self.flux_err = self._getTS()
  File "/rds/projects/n/nielsemb-plato-peakbagging/george/PBjammy/ThePBjam/pbjam/IO.py", line 432, in _getTS
    search = lk.search_lightcurve(self.ID, **self.lk_kwargs)
  File "/rds/homes/g/gth025/.local/lib/python3.9/site-packages/memoization/caching/plain_cache.py", line 42, in wrapper
    result = user_function(*args, **kwargs)
  File "/rds/homes/g/gth025/.local/lib/python3.9/site-packages/lightkurve/search.py", line 836, in search_lightcurve
    return _search_products(
  File "/rds/homes/g/gth025/.local/lib/python3.9/site-packages/lightkurve/search.py", line 984, in _search_products
    observations = _query_mast(
  File "/rds/homes/g/gth025/.local/lib/python3.9/site-packages/lightkurve/search.py", line 1211, in _query_mast
    obs = Observations.query_criteria(objectname=target, **query_criteria)
  File "/rds/homes/g/gth025/.local/lib/python3.9/site-packages/astroquery/utils/class_or_instance.py", line 25, in f
    return self.fn(obj, *args, **kwds)
  File "/rds/homes/g/gth025/.local/lib/python3.9/site-packages/astroquery/utils/process_asyncs.py", line 26, in newmethod
    response = getattr(self, async_method_name)(*args, **kwargs)
  File "/rds/homes/g/gth025/.local/lib/python3.9/site-packages/astroquery/utils/class_or_instance.py", line 25, in f
    return self.fn(obj, *args, **kwds)
  File "/rds/homes/g/gth025/.local/lib/python3.9/site-packages/astroquery/mast/observations.py", line 279, in query_criteria_async
    position, mashup_filters = self._parse_caom_criteria(**criteria)
  File "/rds/homes/g/gth025/.local/lib/python3.9/site-packages/astroquery/mast/observations.py", line 150, in _parse_caom_criteria
    if coordinates or objectname:
  File "/rds/homes/g/gth025/.local/lib/python3.9/site-packages/pandas/core/generic.py", line 1577, in __nonzero__
    raise ValueError(
ValueError: The truth value of a DataFrame is ambiguous. Use a.empty, a.bool(), a.item(), a.any() or a.all().
Tue Nov 26 16:09:00 2024
ID         206064678
numax         3037.0
numax_e         60.0
dnu            138.0
dnu_e            3.0
Teff          5513.0
Teff_e           100
bp_rp       0.963101
bp_rp_e          0.1
Type              MS
Np                10
Flag               3
Name: 0, dtype: object
ID: 206064678
Contacting Text File
                                          Frequency  ... PowerAvg
#                                              Time  ...    [ppm]
2.144093714847971569e+03  -1.214883749156570047e-05  ...      NaN
2.144094395886968414e+03  -2.361759237468064043e+01  ...      NaN
2.144095076925965259e+03   1.073897811809665370e+02  ...      NaN
2.144095757964962104e+03  -6.750407964639660463e+01  ...      NaN
...                                             ...  ...      ...
2.213270931991501129e+03  -1.653717340721616580e+01  ...      NaN
2.213271613030497974e+03  -2.920591955768436776e+01  ...      NaN
2.213272294069494819e+03   6.354693422205848208e+01  ...      NaN
2.213272975108491664e+03   1.733537757786507427e-04  ...      NaN
2.213273656147488509e+03  -1.703613554671079555e+01  ...      NaN

[101582 rows x 4 columns]
Standard Configuration
          Frequency       Power
0       2144.093715   -0.000012
1       2144.094396  -23.617592
2       2144.095077  107.389781
3       2144.095758  -67.504080
4       2144.096439    2.534548
...             ...         ...
101576  2213.270932  -16.537173
101577  2213.271613  -29.205920
101578  2213.272294   63.546934
101579  2213.272975    0.000173
101580  2213.273656  -17.036136

[101581 rows x 2 columns]
Activating 3-space separation
                                                Frequency  Power
0       2.144093714847971569e+03 -1.214883749156570047...    NaN
1       2.144094395886968414e+03 -2.361759237468064043...    NaN
2       2.144095076925965259e+03 1.073897811809665370e+02    NaN
3       2.144095757964962104e+03 -6.750407964639660463...    NaN
4       2.144096439003958949e+03 2.534547828725308705e+00    NaN
...                                                   ...    ...
101576  2.213270931991501129e+03 -1.653717340721616580...    NaN
101577  2.213271613030497974e+03 -2.920591955768436776...    NaN
101578  2.213272294069494819e+03 6.354693422205848208e+01    NaN
101579  2.213272975108491664e+03 1.733537757786507427e-04    NaN
101580  2.213273656147488509e+03 -1.703613554671079555...    NaN

[101581 rows x 2 columns]


Traceback (most recent call last):
  File "/rds/projects/n/nielsemb-plato-peakbagging/george/PBjammy/ThePBjam/PBjammer.py", line 50, in Mode20
    f, s = PSD(ID, 'Text')
  File "/rds/projects/n/nielsemb-plato-peakbagging/george/PBjammy/ThePBjam/PBjammer.py", line 40, in PSD
    psd = IO.psd(time=Lightning.Frequency, flux=Lightning.Power)
TypeError: __init__() missing 1 required positional argument: 'ID'

During handling of the above exception, another exception occurred:

Traceback (most recent call last):
  File "/rds/projects/n/nielsemb-plato-peakbagging/george/PBjammy/ThePBjam/PBjammer.py", line 57, in Mode20
    f, s = PSD(ID, 'Standard')
  File "/rds/projects/n/nielsemb-plato-peakbagging/george/PBjammy/ThePBjam/PBjammer.py", line 40, in PSD
    psd = IO.psd(time=Lightning.Frequency, flux=Lightning.Power)
TypeError: __init__() missing 1 required positional argument: 'ID'

During handling of the above exception, another exception occurred:

Traceback (most recent call last):
  File "/rds/projects/n/nielsemb-plato-peakbagging/george/PBjammy/ThePBjam/TheActivator.py", line 86, in LetUsBegin
    Activate(n)
  File "/rds/projects/n/nielsemb-plato-peakbagging/george/PBjammy/ThePBjam/TheActivator.py", line 46, in Activate
    Result, f, s, M = ModeResult(BigData.ID[d], BigData.Np[d], (BigData.numax[d], BigData.numax_e[d]),
  File "/rds/projects/n/nielsemb-plato-peakbagging/george/PBjammy/ThePBjam/TheActivator.py", line 25, in ModeResult
    return PBjammer.Run(ID, Np, numax=numax, dnu=dnu, teff=teff, bp_rp=bp_rp, Plot=Plot, l1=l1, Type=Type)
  File "/rds/projects/n/nielsemb-plato-peakbagging/george/PBjammy/ThePBjam/PBjammer.py", line 121, in Run
    Result, f, s, M = Mode20(ID, Np, numax=numax, dnu=dnu, teff=teff, bp_rp=bp_rp, Plot=Plot, l1=l1, Type=Type)
  File "/rds/projects/n/nielsemb-plato-peakbagging/george/PBjammy/ThePBjam/PBjammer.py", line 63, in Mode20
    f, s = PSD(ID, '3-space')
  File "/rds/projects/n/nielsemb-plato-peakbagging/george/PBjammy/ThePBjam/PBjammer.py", line 40, in PSD
    psd = IO.psd(time=Lightning.Frequency, flux=Lightning.Power)
TypeError: __init__() missing 1 required positional argument: 'ID'
Tue Nov 26 16:11:54 2024
ID         206064678
numax         3037.0
numax_e         60.0
dnu            138.0
dnu_e            3.0
Teff          5513.0
Teff_e           100
bp_rp       0.963101
bp_rp_e          0.1
Type              MS
Np                10
Flag               3
Name: 0, dtype: object
ID: 206064678
Contacting Text File
                                          Frequency  ... PowerAvg
#                                              Time  ...    [ppm]
2.144093714847971569e+03  -1.214883749156570047e-05  ...      NaN
2.144094395886968414e+03  -2.361759237468064043e+01  ...      NaN
2.144095076925965259e+03   1.073897811809665370e+02  ...      NaN
2.144095757964962104e+03  -6.750407964639660463e+01  ...      NaN
...                                             ...  ...      ...
2.213270931991501129e+03  -1.653717340721616580e+01  ...      NaN
2.213271613030497974e+03  -2.920591955768436776e+01  ...      NaN
2.213272294069494819e+03   6.354693422205848208e+01  ...      NaN
2.213272975108491664e+03   1.733537757786507427e-04  ...      NaN
2.213273656147488509e+03  -1.703613554671079555e+01  ...      NaN

[101582 rows x 4 columns]
Standard Configuration
          Frequency       Power
0       2144.093715   -0.000012
1       2144.094396  -23.617592
2       2144.095077  107.389781
3       2144.095758  -67.504080
4       2144.096439    2.534548
...             ...         ...
101576  2213.270932  -16.537173
101577  2213.271613  -29.205920
101578  2213.272294   63.546934
101579  2213.272975    0.000173
101580  2213.273656  -17.036136

[101581 rows x 2 columns]
Activating 3-space separation
                                                Frequency  Power
0       2.144093714847971569e+03 -1.214883749156570047...    NaN
1       2.144094395886968414e+03 -2.361759237468064043...    NaN
2       2.144095076925965259e+03 1.073897811809665370e+02    NaN
3       2.144095757964962104e+03 -6.750407964639660463...    NaN
4       2.144096439003958949e+03 2.534547828725308705e+00    NaN
...                                                   ...    ...
101576  2.213270931991501129e+03 -1.653717340721616580...    NaN
101577  2.213271613030497974e+03 -2.920591955768436776...    NaN
101578  2.213272294069494819e+03 6.354693422205848208e+01    NaN
101579  2.213272975108491664e+03 1.733537757786507427e-04    NaN
101580  2.213273656147488509e+03 -1.703613554671079555...    NaN

[101581 rows x 2 columns]


Traceback (most recent call last):
  File "/rds/projects/n/nielsemb-plato-peakbagging/george/PBjammy/ThePBjam/PBjammer.py", line 50, in Mode20
    f, s = PSD(ID, 'Text')
  File "/rds/projects/n/nielsemb-plato-peakbagging/george/PBjammy/ThePBjam/PBjammer.py", line 40, in PSD
    psd = IO.psd(ID=ID, time=Lightning.Frequency, flux=Lightning.Power)
  File "/rds/projects/n/nielsemb-plato-peakbagging/george/PBjammy/ThePBjam/pbjam/IO.py", line 93, in __init__
    self.TS = timeSeries(ID, lk_kwargs, time, flux, flux_err, self.badIdx, self.downloadDir, numax=self.numax)
  File "/rds/projects/n/nielsemb-plato-peakbagging/george/PBjammy/ThePBjam/pbjam/IO.py", line 334, in __init__
    self._getBadIndex(self.time, self.flux, self.flux_err, self.badIdx)
  File "/rds/projects/n/nielsemb-plato-peakbagging/george/PBjammy/ThePBjam/pbjam/IO.py", line 391, in _getBadIndex
    self.badIdx = np.invert(np.isfinite(time) & np.isfinite(flux) & np.isfinite(flux_err) & np.invert(badIdx))
  File "/rds/homes/g/gth025/.local/lib/python3.9/site-packages/pandas/core/generic.py", line 2171, in __array_ufunc__
    return arraylike.array_ufunc(self, ufunc, method, *inputs, **kwargs)
  File "/rds/homes/g/gth025/.local/lib/python3.9/site-packages/pandas/core/arraylike.py", line 399, in array_ufunc
    result = getattr(ufunc, method)(*inputs, **kwargs)
TypeError: ufunc 'isfinite' not supported for the input types, and the inputs could not be safely coerced to any supported types according to the casting rule ''safe''

During handling of the above exception, another exception occurred:

Traceback (most recent call last):
  File "/rds/projects/n/nielsemb-plato-peakbagging/george/PBjammy/ThePBjam/PBjammer.py", line 57, in Mode20
    f, s = PSD(ID, 'Standard')
  File "/rds/projects/n/nielsemb-plato-peakbagging/george/PBjammy/ThePBjam/PBjammer.py", line 42, in PSD
    Destroy = Exterminate.TotalDestruction([np.array(psd.freq), np.array(psd.powerdensity)])
AttributeError: 'psd' object has no attribute 'freq'

During handling of the above exception, another exception occurred:

Traceback (most recent call last):
  File "/rds/projects/n/nielsemb-plato-peakbagging/george/PBjammy/ThePBjam/TheActivator.py", line 86, in LetUsBegin
    Activate(n)
  File "/rds/projects/n/nielsemb-plato-peakbagging/george/PBjammy/ThePBjam/TheActivator.py", line 46, in Activate
    Result, f, s, M = ModeResult(BigData.ID[d], BigData.Np[d], (BigData.numax[d], BigData.numax_e[d]),
  File "/rds/projects/n/nielsemb-plato-peakbagging/george/PBjammy/ThePBjam/TheActivator.py", line 25, in ModeResult
    return PBjammer.Run(ID, Np, numax=numax, dnu=dnu, teff=teff, bp_rp=bp_rp, Plot=Plot, l1=l1, Type=Type)
  File "/rds/projects/n/nielsemb-plato-peakbagging/george/PBjammy/ThePBjam/PBjammer.py", line 121, in Run
    Result, f, s, M = Mode20(ID, Np, numax=numax, dnu=dnu, teff=teff, bp_rp=bp_rp, Plot=Plot, l1=l1, Type=Type)
  File "/rds/projects/n/nielsemb-plato-peakbagging/george/PBjammy/ThePBjam/PBjammer.py", line 63, in Mode20
    f, s = PSD(ID, '3-space')
  File "/rds/projects/n/nielsemb-plato-peakbagging/george/PBjammy/ThePBjam/PBjammer.py", line 40, in PSD
    psd = IO.psd(ID=ID, time=Lightning.Frequency, flux=Lightning.Power)
  File "/rds/projects/n/nielsemb-plato-peakbagging/george/PBjammy/ThePBjam/pbjam/IO.py", line 93, in __init__
    self.TS = timeSeries(ID, lk_kwargs, time, flux, flux_err, self.badIdx, self.downloadDir, numax=self.numax)
  File "/rds/projects/n/nielsemb-plato-peakbagging/george/PBjammy/ThePBjam/pbjam/IO.py", line 334, in __init__
    self._getBadIndex(self.time, self.flux, self.flux_err, self.badIdx)
  File "/rds/projects/n/nielsemb-plato-peakbagging/george/PBjammy/ThePBjam/pbjam/IO.py", line 391, in _getBadIndex
    self.badIdx = np.invert(np.isfinite(time) & np.isfinite(flux) & np.isfinite(flux_err) & np.invert(badIdx))
  File "/rds/homes/g/gth025/.local/lib/python3.9/site-packages/pandas/core/generic.py", line 2171, in __array_ufunc__
    return arraylike.array_ufunc(self, ufunc, method, *inputs, **kwargs)
  File "/rds/homes/g/gth025/.local/lib/python3.9/site-packages/pandas/core/arraylike.py", line 399, in array_ufunc
    result = getattr(ufunc, method)(*inputs, **kwargs)
TypeError: ufunc 'isfinite' not supported for the input types, and the inputs could not be safely coerced to any supported types according to the casting rule ''safe''
Tue Nov 26 16:14:42 2024
ID         206064678
numax         3037.0
numax_e         60.0
dnu            138.0
dnu_e            3.0
Teff          5513.0
Teff_e           100
bp_rp       0.963101
bp_rp_e          0.1
Type              MS
Np                10
Flag               3
Name: 0, dtype: object
ID: 206064678
Contacting Text File
                                          Frequency  ... PowerAvg
#                                              Time  ...    [ppm]
2.144093714847971569e+03  -1.214883749156570047e-05  ...      NaN
2.144094395886968414e+03  -2.361759237468064043e+01  ...      NaN
2.144095076925965259e+03   1.073897811809665370e+02  ...      NaN
2.144095757964962104e+03  -6.750407964639660463e+01  ...      NaN
...                                             ...  ...      ...
2.213270931991501129e+03  -1.653717340721616580e+01  ...      NaN
2.213271613030497974e+03  -2.920591955768436776e+01  ...      NaN
2.213272294069494819e+03   6.354693422205848208e+01  ...      NaN
2.213272975108491664e+03   1.733537757786507427e-04  ...      NaN
2.213273656147488509e+03  -1.703613554671079555e+01  ...      NaN

[101582 rows x 4 columns]
Standard Configuration
          Frequency       Power
0       2144.093715   -0.000012
1       2144.094396  -23.617592
2       2144.095077  107.389781
3       2144.095758  -67.504080
4       2144.096439    2.534548
...             ...         ...
101576  2213.270932  -16.537173
101577  2213.271613  -29.205920
101578  2213.272294   63.546934
101579  2213.272975    0.000173
101580  2213.273656  -17.036136

[101581 rows x 2 columns]
Activating 3-space separation
                                                Frequency  Power
0       2.144093714847971569e+03 -1.214883749156570047...    NaN
1       2.144094395886968414e+03 -2.361759237468064043...    NaN
2       2.144095076925965259e+03 1.073897811809665370e+02    NaN
3       2.144095757964962104e+03 -6.750407964639660463...    NaN
4       2.144096439003958949e+03 2.534547828725308705e+00    NaN
...                                                   ...    ...
101576  2.213270931991501129e+03 -1.653717340721616580...    NaN
101577  2.213271613030497974e+03 -2.920591955768436776...    NaN
101578  2.213272294069494819e+03 6.354693422205848208e+01    NaN
101579  2.213272975108491664e+03 1.733537757786507427e-04    NaN
101580  2.213273656147488509e+03 -1.703613554671079555...    NaN

[101581 rows x 2 columns]


Traceback (most recent call last):
  File "/rds/projects/n/nielsemb-plato-peakbagging/george/PBjammy/ThePBjam/PBjammer.py", line 50, in Mode20
    f, s = PSD(ID, 'Text')
  File "/rds/projects/n/nielsemb-plato-peakbagging/george/PBjammy/ThePBjam/PBjammer.py", line 40, in PSD
    psd = IO.timeSeries(ID=ID, time=Lightning.Frequency, flux=Lightning.Power)
TypeError: __init__() missing 1 required positional argument: 'lk_kwargs'

During handling of the above exception, another exception occurred:

Traceback (most recent call last):
  File "/rds/projects/n/nielsemb-plato-peakbagging/george/PBjammy/ThePBjam/PBjammer.py", line 57, in Mode20
    f, s = PSD(ID, 'Standard')
  File "/rds/projects/n/nielsemb-plato-peakbagging/george/PBjammy/ThePBjam/PBjammer.py", line 40, in PSD
    psd = IO.timeSeries(ID=ID, time=Lightning.Frequency, flux=Lightning.Power)
TypeError: __init__() missing 1 required positional argument: 'lk_kwargs'

During handling of the above exception, another exception occurred:

Traceback (most recent call last):
  File "/rds/projects/n/nielsemb-plato-peakbagging/george/PBjammy/ThePBjam/TheActivator.py", line 86, in LetUsBegin
    Activate(n)
  File "/rds/projects/n/nielsemb-plato-peakbagging/george/PBjammy/ThePBjam/TheActivator.py", line 46, in Activate
    Result, f, s, M = ModeResult(BigData.ID[d], BigData.Np[d], (BigData.numax[d], BigData.numax_e[d]),
  File "/rds/projects/n/nielsemb-plato-peakbagging/george/PBjammy/ThePBjam/TheActivator.py", line 25, in ModeResult
    return PBjammer.Run(ID, Np, numax=numax, dnu=dnu, teff=teff, bp_rp=bp_rp, Plot=Plot, l1=l1, Type=Type)
  File "/rds/projects/n/nielsemb-plato-peakbagging/george/PBjammy/ThePBjam/PBjammer.py", line 121, in Run
    Result, f, s, M = Mode20(ID, Np, numax=numax, dnu=dnu, teff=teff, bp_rp=bp_rp, Plot=Plot, l1=l1, Type=Type)
  File "/rds/projects/n/nielsemb-plato-peakbagging/george/PBjammy/ThePBjam/PBjammer.py", line 63, in Mode20
    f, s = PSD(ID, '3-space')
  File "/rds/projects/n/nielsemb-plato-peakbagging/george/PBjammy/ThePBjam/PBjammer.py", line 40, in PSD
    psd = IO.timeSeries(ID=ID, time=Lightning.Frequency, flux=Lightning.Power)
TypeError: __init__() missing 1 required positional argument: 'lk_kwargs'
Tue Nov 26 16:15:48 2024
ID         206064678
numax         3037.0
numax_e         60.0
dnu            138.0
dnu_e            3.0
Teff          5513.0
Teff_e           100
bp_rp       0.963101
bp_rp_e          0.1
Type              MS
Np                10
Flag               3
Name: 0, dtype: object
ID: 206064678
Contacting Text File
                                          Frequency  ... PowerAvg
#                                              Time  ...    [ppm]
2.144093714847971569e+03  -1.214883749156570047e-05  ...      NaN
2.144094395886968414e+03  -2.361759237468064043e+01  ...      NaN
2.144095076925965259e+03   1.073897811809665370e+02  ...      NaN
2.144095757964962104e+03  -6.750407964639660463e+01  ...      NaN
...                                             ...  ...      ...
2.213270931991501129e+03  -1.653717340721616580e+01  ...      NaN
2.213271613030497974e+03  -2.920591955768436776e+01  ...      NaN
2.213272294069494819e+03   6.354693422205848208e+01  ...      NaN
2.213272975108491664e+03   1.733537757786507427e-04  ...      NaN
2.213273656147488509e+03  -1.703613554671079555e+01  ...      NaN

[101582 rows x 4 columns]
Standard Configuration
          Frequency       Power
0       2144.093715   -0.000012
1       2144.094396  -23.617592
2       2144.095077  107.389781
3       2144.095758  -67.504080
4       2144.096439    2.534548
...             ...         ...
101576  2213.270932  -16.537173
101577  2213.271613  -29.205920
101578  2213.272294   63.546934
101579  2213.272975    0.000173
101580  2213.273656  -17.036136

[101581 rows x 2 columns]
Activating 3-space separation
                                                Frequency  Power
0       2.144093714847971569e+03 -1.214883749156570047...    NaN
1       2.144094395886968414e+03 -2.361759237468064043...    NaN
2       2.144095076925965259e+03 1.073897811809665370e+02    NaN
3       2.144095757964962104e+03 -6.750407964639660463...    NaN
4       2.144096439003958949e+03 2.534547828725308705e+00    NaN
...                                                   ...    ...
101576  2.213270931991501129e+03 -1.653717340721616580...    NaN
101577  2.213271613030497974e+03 -2.920591955768436776...    NaN
101578  2.213272294069494819e+03 6.354693422205848208e+01    NaN
101579  2.213272975108491664e+03 1.733537757786507427e-04    NaN
101580  2.213273656147488509e+03 -1.703613554671079555...    NaN

[101581 rows x 2 columns]


Traceback (most recent call last):
  File "/rds/projects/n/nielsemb-plato-peakbagging/george/PBjammy/ThePBjam/PBjammer.py", line 50, in Mode20
    f, s = PSD(ID, 'Text')
  File "/rds/projects/n/nielsemb-plato-peakbagging/george/PBjammy/ThePBjam/PBjammer.py", line 40, in PSD
    psd = IO.timeSeries(ID=ID, lk_kwargs={}, time=Lightning.Frequency, flux=Lightning.Power)
  File "/rds/projects/n/nielsemb-plato-peakbagging/george/PBjammy/ThePBjam/pbjam/IO.py", line 334, in __init__
    self._getBadIndex(self.time, self.flux, self.flux_err, self.badIdx)
  File "/rds/projects/n/nielsemb-plato-peakbagging/george/PBjammy/ThePBjam/pbjam/IO.py", line 391, in _getBadIndex
    self.badIdx = np.invert(np.isfinite(time) & np.isfinite(flux) & np.isfinite(flux_err) & np.invert(badIdx))
  File "/rds/homes/g/gth025/.local/lib/python3.9/site-packages/pandas/core/generic.py", line 2171, in __array_ufunc__
    return arraylike.array_ufunc(self, ufunc, method, *inputs, **kwargs)
  File "/rds/homes/g/gth025/.local/lib/python3.9/site-packages/pandas/core/arraylike.py", line 399, in array_ufunc
    result = getattr(ufunc, method)(*inputs, **kwargs)
TypeError: ufunc 'isfinite' not supported for the input types, and the inputs could not be safely coerced to any supported types according to the casting rule ''safe''

During handling of the above exception, another exception occurred:

Traceback (most recent call last):
  File "/rds/projects/n/nielsemb-plato-peakbagging/george/PBjammy/ThePBjam/PBjammer.py", line 57, in Mode20
    f, s = PSD(ID, 'Standard')
  File "/rds/projects/n/nielsemb-plato-peakbagging/george/PBjammy/ThePBjam/PBjammer.py", line 42, in PSD
    Destroy = Exterminate.TotalDestruction([np.array(psd.freq), np.array(psd.powerdensity)])
AttributeError: 'timeSeries' object has no attribute 'freq'

During handling of the above exception, another exception occurred:

Traceback (most recent call last):
  File "/rds/projects/n/nielsemb-plato-peakbagging/george/PBjammy/ThePBjam/TheActivator.py", line 86, in LetUsBegin
    Activate(n)
  File "/rds/projects/n/nielsemb-plato-peakbagging/george/PBjammy/ThePBjam/TheActivator.py", line 46, in Activate
    Result, f, s, M = ModeResult(BigData.ID[d], BigData.Np[d], (BigData.numax[d], BigData.numax_e[d]),
  File "/rds/projects/n/nielsemb-plato-peakbagging/george/PBjammy/ThePBjam/TheActivator.py", line 25, in ModeResult
    return PBjammer.Run(ID, Np, numax=numax, dnu=dnu, teff=teff, bp_rp=bp_rp, Plot=Plot, l1=l1, Type=Type)
  File "/rds/projects/n/nielsemb-plato-peakbagging/george/PBjammy/ThePBjam/PBjammer.py", line 121, in Run
    Result, f, s, M = Mode20(ID, Np, numax=numax, dnu=dnu, teff=teff, bp_rp=bp_rp, Plot=Plot, l1=l1, Type=Type)
  File "/rds/projects/n/nielsemb-plato-peakbagging/george/PBjammy/ThePBjam/PBjammer.py", line 63, in Mode20
    f, s = PSD(ID, '3-space')
  File "/rds/projects/n/nielsemb-plato-peakbagging/george/PBjammy/ThePBjam/PBjammer.py", line 40, in PSD
    psd = IO.timeSeries(ID=ID, lk_kwargs={}, time=Lightning.Frequency, flux=Lightning.Power)
  File "/rds/projects/n/nielsemb-plato-peakbagging/george/PBjammy/ThePBjam/pbjam/IO.py", line 334, in __init__
    self._getBadIndex(self.time, self.flux, self.flux_err, self.badIdx)
  File "/rds/projects/n/nielsemb-plato-peakbagging/george/PBjammy/ThePBjam/pbjam/IO.py", line 391, in _getBadIndex
    self.badIdx = np.invert(np.isfinite(time) & np.isfinite(flux) & np.isfinite(flux_err) & np.invert(badIdx))
  File "/rds/homes/g/gth025/.local/lib/python3.9/site-packages/pandas/core/generic.py", line 2171, in __array_ufunc__
    return arraylike.array_ufunc(self, ufunc, method, *inputs, **kwargs)
  File "/rds/homes/g/gth025/.local/lib/python3.9/site-packages/pandas/core/arraylike.py", line 399, in array_ufunc
    result = getattr(ufunc, method)(*inputs, **kwargs)
TypeError: ufunc 'isfinite' not supported for the input types, and the inputs could not be safely coerced to any supported types according to the casting rule ''safe''
Tue Nov 26 16:18:03 2024
ID         206064678
numax         3037.0
numax_e         60.0
dnu            138.0
dnu_e            3.0
Teff          5513.0
Teff_e           100
bp_rp       0.963101
bp_rp_e          0.1
Type              MS
Np                10
Flag               3
Name: 0, dtype: object
ID: 206064678
Contacting Text File
                                          Frequency  ... PowerAvg
#                                              Time  ...    [ppm]
2.144093714847971569e+03  -1.214883749156570047e-05  ...      NaN
2.144094395886968414e+03  -2.361759237468064043e+01  ...      NaN
2.144095076925965259e+03   1.073897811809665370e+02  ...      NaN
2.144095757964962104e+03  -6.750407964639660463e+01  ...      NaN
...                                             ...  ...      ...
2.213270931991501129e+03  -1.653717340721616580e+01  ...      NaN
2.213271613030497974e+03  -2.920591955768436776e+01  ...      NaN
2.213272294069494819e+03   6.354693422205848208e+01  ...      NaN
2.213272975108491664e+03   1.733537757786507427e-04  ...      NaN
2.213273656147488509e+03  -1.703613554671079555e+01  ...      NaN

[101582 rows x 4 columns]
Standard Configuration
          Frequency       Power
0       2144.093715   -0.000012
1       2144.094396  -23.617592
2       2144.095077  107.389781
3       2144.095758  -67.504080
4       2144.096439    2.534548
...             ...         ...
101576  2213.270932  -16.537173
101577  2213.271613  -29.205920
101578  2213.272294   63.546934
101579  2213.272975    0.000173
101580  2213.273656  -17.036136

[101581 rows x 2 columns]
Activating 3-space separation
                                                Frequency  Power
0       2.144093714847971569e+03 -1.214883749156570047...    NaN
1       2.144094395886968414e+03 -2.361759237468064043...    NaN
2       2.144095076925965259e+03 1.073897811809665370e+02    NaN
3       2.144095757964962104e+03 -6.750407964639660463...    NaN
4       2.144096439003958949e+03 2.534547828725308705e+00    NaN
...                                                   ...    ...
101576  2.213270931991501129e+03 -1.653717340721616580...    NaN
101577  2.213271613030497974e+03 -2.920591955768436776...    NaN
101578  2.213272294069494819e+03 6.354693422205848208e+01    NaN
101579  2.213272975108491664e+03 1.733537757786507427e-04    NaN
101580  2.213273656147488509e+03 -1.703613554671079555...    NaN

[101581 rows x 2 columns]


Traceback (most recent call last):
  File "/rds/projects/n/nielsemb-plato-peakbagging/george/PBjammy/ThePBjam/PBjammer.py", line 50, in Mode20
    f, s = PSD(ID, 'Text')
  File "/rds/projects/n/nielsemb-plato-peakbagging/george/PBjammy/ThePBjam/PBjammer.py", line 40, in PSD
    psd = IO.timeSeries(ID=ID, lk_kwargs={'exptime': 60, 'mission':'K2'}, time=Lightning.Frequency, flux=Lightning.Power)
  File "/rds/projects/n/nielsemb-plato-peakbagging/george/PBjammy/ThePBjam/pbjam/IO.py", line 334, in __init__
    self._getBadIndex(self.time, self.flux, self.flux_err, self.badIdx)
  File "/rds/projects/n/nielsemb-plato-peakbagging/george/PBjammy/ThePBjam/pbjam/IO.py", line 391, in _getBadIndex
    self.badIdx = np.invert(np.isfinite(time) & np.isfinite(flux) & np.isfinite(flux_err) & np.invert(badIdx))
  File "/rds/homes/g/gth025/.local/lib/python3.9/site-packages/pandas/core/generic.py", line 2171, in __array_ufunc__
    return arraylike.array_ufunc(self, ufunc, method, *inputs, **kwargs)
  File "/rds/homes/g/gth025/.local/lib/python3.9/site-packages/pandas/core/arraylike.py", line 399, in array_ufunc
    result = getattr(ufunc, method)(*inputs, **kwargs)
TypeError: ufunc 'isfinite' not supported for the input types, and the inputs could not be safely coerced to any supported types according to the casting rule ''safe''

During handling of the above exception, another exception occurred:

Traceback (most recent call last):
  File "/rds/projects/n/nielsemb-plato-peakbagging/george/PBjammy/ThePBjam/PBjammer.py", line 57, in Mode20
    f, s = PSD(ID, 'Standard')
  File "/rds/projects/n/nielsemb-plato-peakbagging/george/PBjammy/ThePBjam/PBjammer.py", line 42, in PSD
    Destroy = Exterminate.TotalDestruction([np.array(psd.freq), np.array(psd.powerdensity)])
AttributeError: 'timeSeries' object has no attribute 'freq'

During handling of the above exception, another exception occurred:

Traceback (most recent call last):
  File "/rds/projects/n/nielsemb-plato-peakbagging/george/PBjammy/ThePBjam/TheActivator.py", line 86, in LetUsBegin
    Activate(n)
  File "/rds/projects/n/nielsemb-plato-peakbagging/george/PBjammy/ThePBjam/TheActivator.py", line 46, in Activate
    Result, f, s, M = ModeResult(BigData.ID[d], BigData.Np[d], (BigData.numax[d], BigData.numax_e[d]),
  File "/rds/projects/n/nielsemb-plato-peakbagging/george/PBjammy/ThePBjam/TheActivator.py", line 25, in ModeResult
    return PBjammer.Run(ID, Np, numax=numax, dnu=dnu, teff=teff, bp_rp=bp_rp, Plot=Plot, l1=l1, Type=Type)
  File "/rds/projects/n/nielsemb-plato-peakbagging/george/PBjammy/ThePBjam/PBjammer.py", line 121, in Run
    Result, f, s, M = Mode20(ID, Np, numax=numax, dnu=dnu, teff=teff, bp_rp=bp_rp, Plot=Plot, l1=l1, Type=Type)
  File "/rds/projects/n/nielsemb-plato-peakbagging/george/PBjammy/ThePBjam/PBjammer.py", line 63, in Mode20
    f, s = PSD(ID, '3-space')
  File "/rds/projects/n/nielsemb-plato-peakbagging/george/PBjammy/ThePBjam/PBjammer.py", line 40, in PSD
    psd = IO.timeSeries(ID=ID, lk_kwargs={'exptime': 60, 'mission':'K2'}, time=Lightning.Frequency, flux=Lightning.Power)
  File "/rds/projects/n/nielsemb-plato-peakbagging/george/PBjammy/ThePBjam/pbjam/IO.py", line 334, in __init__
    self._getBadIndex(self.time, self.flux, self.flux_err, self.badIdx)
  File "/rds/projects/n/nielsemb-plato-peakbagging/george/PBjammy/ThePBjam/pbjam/IO.py", line 391, in _getBadIndex
    self.badIdx = np.invert(np.isfinite(time) & np.isfinite(flux) & np.isfinite(flux_err) & np.invert(badIdx))
  File "/rds/homes/g/gth025/.local/lib/python3.9/site-packages/pandas/core/generic.py", line 2171, in __array_ufunc__
    return arraylike.array_ufunc(self, ufunc, method, *inputs, **kwargs)
  File "/rds/homes/g/gth025/.local/lib/python3.9/site-packages/pandas/core/arraylike.py", line 399, in array_ufunc
    result = getattr(ufunc, method)(*inputs, **kwargs)
TypeError: ufunc 'isfinite' not supported for the input types, and the inputs could not be safely coerced to any supported types according to the casting rule ''safe''
Tue Nov 26 16:30:10 2024
ID         206064678
numax         3037.0
numax_e         60.0
dnu            138.0
dnu_e            3.0
Teff          5513.0
Teff_e           100
bp_rp       0.963101
bp_rp_e          0.1
Type              MS
Np                10
Flag               3
Name: 0, dtype: object
ID: 206064678
Contacting Text File
                                          Frequency  ... PowerAvg
#                                              Time  ...    [ppm]
2.144093714847971569e+03  -1.214883749156570047e-05  ...      NaN
2.144094395886968414e+03  -2.361759237468064043e+01  ...      NaN
2.144095076925965259e+03   1.073897811809665370e+02  ...      NaN
2.144095757964962104e+03  -6.750407964639660463e+01  ...      NaN
...                                             ...  ...      ...
2.213270931991501129e+03  -1.653717340721616580e+01  ...      NaN
2.213271613030497974e+03  -2.920591955768436776e+01  ...      NaN
2.213272294069494819e+03   6.354693422205848208e+01  ...      NaN
2.213272975108491664e+03   1.733537757786507427e-04  ...      NaN
2.213273656147488509e+03  -1.703613554671079555e+01  ...      NaN

[101582 rows x 4 columns]
Standard Configuration
          Frequency       Power
0       2144.093715   -0.000012
1       2144.094396  -23.617592
2       2144.095077  107.389781
3       2144.095758  -67.504080
4       2144.096439    2.534548
...             ...         ...
101576  2213.270932  -16.537173
101577  2213.271613  -29.205920
101578  2213.272294   63.546934
101579  2213.272975    0.000173
101580  2213.273656  -17.036136

[101581 rows x 2 columns]
Activating 3-space separation
                                                Frequency  Power
0       2.144093714847971569e+03 -1.214883749156570047...    NaN
1       2.144094395886968414e+03 -2.361759237468064043...    NaN
2       2.144095076925965259e+03 1.073897811809665370e+02    NaN
3       2.144095757964962104e+03 -6.750407964639660463...    NaN
4       2.144096439003958949e+03 2.534547828725308705e+00    NaN
...                                                   ...    ...
101576  2.213270931991501129e+03 -1.653717340721616580...    NaN
101577  2.213271613030497974e+03 -2.920591955768436776...    NaN
101578  2.213272294069494819e+03 6.354693422205848208e+01    NaN
101579  2.213272975108491664e+03 1.733537757786507427e-04    NaN
101580  2.213273656147488509e+03 -1.703613554671079555...    NaN

[101581 rows x 2 columns]


Traceback (most recent call last):
  File "/rds/projects/n/nielsemb-plato-peakbagging/george/PBjammy/ThePBjam/PBjammer.py", line 50, in Mode20
    f, s = PSD(ID, 'Text')
  File "/rds/projects/n/nielsemb-plato-peakbagging/george/PBjammy/ThePBjam/PBjammer.py", line 40, in PSD
    psd = IO.psd(ID=ID, lk_kwargs={}, time=Lightning.Frequency, flux=Lightning.Power)
  File "/rds/projects/n/nielsemb-plato-peakbagging/george/PBjammy/ThePBjam/pbjam/IO.py", line 93, in __init__
    self.TS = timeSeries(ID, lk_kwargs, time, flux, flux_err, self.badIdx, self.downloadDir, numax=self.numax)
  File "/rds/projects/n/nielsemb-plato-peakbagging/george/PBjammy/ThePBjam/pbjam/IO.py", line 334, in __init__
    self._getBadIndex(self.time, self.flux, self.flux_err, self.badIdx)
  File "/rds/projects/n/nielsemb-plato-peakbagging/george/PBjammy/ThePBjam/pbjam/IO.py", line 391, in _getBadIndex
    self.badIdx = np.invert(np.isfinite(time) & np.isfinite(flux) & np.isfinite(flux_err) & np.invert(badIdx))
  File "/rds/homes/g/gth025/.local/lib/python3.9/site-packages/pandas/core/generic.py", line 2171, in __array_ufunc__
    return arraylike.array_ufunc(self, ufunc, method, *inputs, **kwargs)
  File "/rds/homes/g/gth025/.local/lib/python3.9/site-packages/pandas/core/arraylike.py", line 399, in array_ufunc
    result = getattr(ufunc, method)(*inputs, **kwargs)
TypeError: ufunc 'isfinite' not supported for the input types, and the inputs could not be safely coerced to any supported types according to the casting rule ''safe''

During handling of the above exception, another exception occurred:

Traceback (most recent call last):
  File "/rds/projects/n/nielsemb-plato-peakbagging/george/PBjammy/ThePBjam/PBjammer.py", line 57, in Mode20
    f, s = PSD(ID, 'Standard')
  File "/rds/projects/n/nielsemb-plato-peakbagging/george/PBjammy/ThePBjam/PBjammer.py", line 42, in PSD
    Destroy = Exterminate.TotalDestruction([np.array(psd.freq), np.array(psd.powerdensity)])
AttributeError: 'psd' object has no attribute 'freq'

During handling of the above exception, another exception occurred:

Traceback (most recent call last):
  File "/rds/projects/n/nielsemb-plato-peakbagging/george/PBjammy/ThePBjam/TheActivator.py", line 86, in LetUsBegin
    Activate(n)
  File "/rds/projects/n/nielsemb-plato-peakbagging/george/PBjammy/ThePBjam/TheActivator.py", line 46, in Activate
    Result, f, s, M = ModeResult(BigData.ID[d], BigData.Np[d], (BigData.numax[d], BigData.numax_e[d]),
  File "/rds/projects/n/nielsemb-plato-peakbagging/george/PBjammy/ThePBjam/TheActivator.py", line 25, in ModeResult
    return PBjammer.Run(ID, Np, numax=numax, dnu=dnu, teff=teff, bp_rp=bp_rp, Plot=Plot, l1=l1, Type=Type)
  File "/rds/projects/n/nielsemb-plato-peakbagging/george/PBjammy/ThePBjam/PBjammer.py", line 121, in Run
    Result, f, s, M = Mode20(ID, Np, numax=numax, dnu=dnu, teff=teff, bp_rp=bp_rp, Plot=Plot, l1=l1, Type=Type)
  File "/rds/projects/n/nielsemb-plato-peakbagging/george/PBjammy/ThePBjam/PBjammer.py", line 63, in Mode20
    f, s = PSD(ID, '3-space')
  File "/rds/projects/n/nielsemb-plato-peakbagging/george/PBjammy/ThePBjam/PBjammer.py", line 40, in PSD
    psd = IO.psd(ID=ID, lk_kwargs={}, time=Lightning.Frequency, flux=Lightning.Power)
  File "/rds/projects/n/nielsemb-plato-peakbagging/george/PBjammy/ThePBjam/pbjam/IO.py", line 93, in __init__
    self.TS = timeSeries(ID, lk_kwargs, time, flux, flux_err, self.badIdx, self.downloadDir, numax=self.numax)
  File "/rds/projects/n/nielsemb-plato-peakbagging/george/PBjammy/ThePBjam/pbjam/IO.py", line 334, in __init__
    self._getBadIndex(self.time, self.flux, self.flux_err, self.badIdx)
  File "/rds/projects/n/nielsemb-plato-peakbagging/george/PBjammy/ThePBjam/pbjam/IO.py", line 391, in _getBadIndex
    self.badIdx = np.invert(np.isfinite(time) & np.isfinite(flux) & np.isfinite(flux_err) & np.invert(badIdx))
  File "/rds/homes/g/gth025/.local/lib/python3.9/site-packages/pandas/core/generic.py", line 2171, in __array_ufunc__
    return arraylike.array_ufunc(self, ufunc, method, *inputs, **kwargs)
  File "/rds/homes/g/gth025/.local/lib/python3.9/site-packages/pandas/core/arraylike.py", line 399, in array_ufunc
    result = getattr(ufunc, method)(*inputs, **kwargs)
TypeError: ufunc 'isfinite' not supported for the input types, and the inputs could not be safely coerced to any supported types according to the casting rule ''safe''
Tue Nov 26 16:34:07 2024
ID         206064678
numax         3037.0
numax_e         60.0
dnu            138.0
dnu_e            3.0
Teff          5513.0
Teff_e           100
bp_rp       0.963101
bp_rp_e          0.1
Type              MS
Np                10
Flag               3
Name: 0, dtype: object
ID: 206064678
Contacting Text File
Standard Configuration
<pbjam.IO.psd object at 0x1488ab0fd700>
Activating 3-space separation


Traceback (most recent call last):
  File "/rds/projects/n/nielsemb-plato-peakbagging/george/PBjammy/ThePBjam/PBjammer.py", line 49, in Mode20
    f, s = PSD(ID, 'Text')
  File "/rds/projects/n/nielsemb-plato-peakbagging/george/PBjammy/ThePBjam/PBjammer.py", line 39, in PSD
    psd = IO.psd(ID=ID, lk_kwargs={}, time=Lightning.Frequency, flux=Lightning.Power)
  File "/rds/projects/n/nielsemb-plato-peakbagging/george/PBjammy/ThePBjam/pbjam/IO.py", line 93, in __init__
    self.TS = timeSeries(ID, lk_kwargs, time, flux, flux_err, self.badIdx, self.downloadDir, numax=self.numax)
  File "/rds/projects/n/nielsemb-plato-peakbagging/george/PBjammy/ThePBjam/pbjam/IO.py", line 334, in __init__
    self._getBadIndex(self.time, self.flux, self.flux_err, self.badIdx)
  File "/rds/projects/n/nielsemb-plato-peakbagging/george/PBjammy/ThePBjam/pbjam/IO.py", line 391, in _getBadIndex
    self.badIdx = np.invert(np.isfinite(time) & np.isfinite(flux) & np.isfinite(flux_err) & np.invert(badIdx))
  File "/rds/homes/g/gth025/.local/lib/python3.9/site-packages/pandas/core/generic.py", line 2171, in __array_ufunc__
    return arraylike.array_ufunc(self, ufunc, method, *inputs, **kwargs)
  File "/rds/homes/g/gth025/.local/lib/python3.9/site-packages/pandas/core/arraylike.py", line 399, in array_ufunc
    result = getattr(ufunc, method)(*inputs, **kwargs)
TypeError: ufunc 'isfinite' not supported for the input types, and the inputs could not be safely coerced to any supported types according to the casting rule ''safe''

During handling of the above exception, another exception occurred:

Traceback (most recent call last):
  File "/rds/projects/n/nielsemb-plato-peakbagging/george/PBjammy/ThePBjam/PBjammer.py", line 56, in Mode20
    f, s = PSD(ID, 'Standard')
  File "/rds/projects/n/nielsemb-plato-peakbagging/george/PBjammy/ThePBjam/PBjammer.py", line 41, in PSD
    Destroy = Exterminate.TotalDestruction([np.array(psd.freq), np.array(psd.powerdensity)])
AttributeError: 'psd' object has no attribute 'freq'

During handling of the above exception, another exception occurred:

Traceback (most recent call last):
  File "/rds/projects/n/nielsemb-plato-peakbagging/george/PBjammy/ThePBjam/TheActivator.py", line 86, in LetUsBegin
    Activate(n)
  File "/rds/projects/n/nielsemb-plato-peakbagging/george/PBjammy/ThePBjam/TheActivator.py", line 46, in Activate
    Result, f, s, M = ModeResult(BigData.ID[d], BigData.Np[d], (BigData.numax[d], BigData.numax_e[d]),
  File "/rds/projects/n/nielsemb-plato-peakbagging/george/PBjammy/ThePBjam/TheActivator.py", line 25, in ModeResult
    return PBjammer.Run(ID, Np, numax=numax, dnu=dnu, teff=teff, bp_rp=bp_rp, Plot=Plot, l1=l1, Type=Type)
  File "/rds/projects/n/nielsemb-plato-peakbagging/george/PBjammy/ThePBjam/PBjammer.py", line 120, in Run
    Result, f, s, M = Mode20(ID, Np, numax=numax, dnu=dnu, teff=teff, bp_rp=bp_rp, Plot=Plot, l1=l1, Type=Type)
  File "/rds/projects/n/nielsemb-plato-peakbagging/george/PBjammy/ThePBjam/PBjammer.py", line 62, in Mode20
    f, s = PSD(ID, '3-space')
  File "/rds/projects/n/nielsemb-plato-peakbagging/george/PBjammy/ThePBjam/PBjammer.py", line 39, in PSD
    psd = IO.psd(ID=ID, lk_kwargs={}, time=Lightning.Frequency, flux=Lightning.Power)
  File "/rds/projects/n/nielsemb-plato-peakbagging/george/PBjammy/ThePBjam/pbjam/IO.py", line 93, in __init__
    self.TS = timeSeries(ID, lk_kwargs, time, flux, flux_err, self.badIdx, self.downloadDir, numax=self.numax)
  File "/rds/projects/n/nielsemb-plato-peakbagging/george/PBjammy/ThePBjam/pbjam/IO.py", line 334, in __init__
    self._getBadIndex(self.time, self.flux, self.flux_err, self.badIdx)
  File "/rds/projects/n/nielsemb-plato-peakbagging/george/PBjammy/ThePBjam/pbjam/IO.py", line 391, in _getBadIndex
    self.badIdx = np.invert(np.isfinite(time) & np.isfinite(flux) & np.isfinite(flux_err) & np.invert(badIdx))
  File "/rds/homes/g/gth025/.local/lib/python3.9/site-packages/pandas/core/generic.py", line 2171, in __array_ufunc__
    return arraylike.array_ufunc(self, ufunc, method, *inputs, **kwargs)
  File "/rds/homes/g/gth025/.local/lib/python3.9/site-packages/pandas/core/arraylike.py", line 399, in array_ufunc
    result = getattr(ufunc, method)(*inputs, **kwargs)
TypeError: ufunc 'isfinite' not supported for the input types, and the inputs could not be safely coerced to any supported types according to the casting rule ''safe''
Tue Nov 26 16:39:30 2024
ID         206064678
numax         3037.0
numax_e         60.0
dnu            138.0
dnu_e            3.0
Teff          5513.0
Teff_e           100
bp_rp       0.963101
bp_rp_e          0.1
Type              MS
Np                10
Flag               3
Name: 0, dtype: object
ID: 206064678
Contacting Text File
Standard Configuration
<pbjam.IO.psd object at 0x14b424ef5400>
Total Extermination!
[276, 277, 278, 279, 280, 281, 282, 283, 284, 285, 286, 287, 559, 560, 561, 562, 563, 564, 565, 566, 567, 568, 569, 570, 841, 842, 843, 844, 845, 846, 847, 848, 849, 850, 851, 852, 1124, 1125, 1126, 1127, 1128, 1129, 1130, 1131, 1132, 1133, 1134, 1135, 1406, 1407, 1408, 1409, 1410, 1411, 1412, 1413, 1414, 1415, 1416, 1417, 1688, 1689, 1690, 1691, 1692, 1693, 1694, 1695, 1696, 1697, 1698, 1699, 1970, 1971, 1972, 1973, 1974, 1975, 1976, 1977, 1978, 1979, 1980, 1981, 2253, 2254, 2255, 2256, 2257, 2258, 2259, 2260, 2261, 2262, 2263, 2264, 2535, 2536, 2537, 2538, 2539, 2540, 2541, 2542, 2543, 2544, 2545, 2546, 2818, 2819, 2820, 2821, 2822, 2823, 2824, 2825, 2826, 2827, 2828, 2829, 3100, 3101, 3102, 3103, 3104, 3105, 3106, 3107, 3108, 3109, 3110, 3111, 3382, 3383, 3384, 3385, 3386, 3387, 3388, 3389, 3390, 3391, 3392, 3393, 3665, 3666, 3667, 3668, 3669, 3670, 3671, 3672, 3673, 3674, 3675, 3676, 3947, 3948, 3949, 3950, 3951, 3952, 3953, 3954, 3955, 3956, 3957, 3958]
Using epsilon of 1.5514043575313363
Model suggests 1.45
Using emcee to sample.
Creating envelope slices
Peakbagging slice 1/1
Time taken 32.7 minutes
Saving....
Calculation Complete


Thu Jan 30 05:31:37 2025
ID         206064678
numax         3037.0
numax_e         60.0
dnu            138.0
dnu_e            3.0
Teff            5513
Teff_e           100
bp_rp       0.963101
bp_rp_e          0.1
Type              MS
Np                10
Flag               1
Name: 0, dtype: object
ID: 206064678


Traceback (most recent call last):
  File "/rds/projects/n/nielsemb-plato-peakbagging/george/PBjammy/ThePBjam/TheActivator.py", line 94, in LetUsBegin
    Activate(n)
  File "/rds/projects/n/nielsemb-plato-peakbagging/george/PBjammy/ThePBjam/TheActivator.py", line 61, in Activate
    f, s = PBjammer.PSD(BigData.ID[d], 'Rafa')
  File "/rds/projects/n/nielsemb-plato-peakbagging/george/PBjammy/ThePBjam/PBjammer.py", line 41, in PSD
    Lightning = pd.read_csv(f'{Directory}/LightCurves/ktwo{ID}_01_kasoc-psd_slc_v1.pow', comment='#', names=['Time', 'Flux'], sep=' ')
  File "/rds/homes/g/gth025/.local/lib/python3.9/site-packages/pandas/io/parsers/readers.py", line 1026, in read_csv
    return _read(filepath_or_buffer, kwds)
  File "/rds/homes/g/gth025/.local/lib/python3.9/site-packages/pandas/io/parsers/readers.py", line 620, in _read
    parser = TextFileReader(filepath_or_buffer, **kwds)
  File "/rds/homes/g/gth025/.local/lib/python3.9/site-packages/pandas/io/parsers/readers.py", line 1620, in __init__
    self._engine = self._make_engine(f, self.engine)
  File "/rds/homes/g/gth025/.local/lib/python3.9/site-packages/pandas/io/parsers/readers.py", line 1880, in _make_engine
    self.handles = get_handle(
  File "/rds/homes/g/gth025/.local/lib/python3.9/site-packages/pandas/io/common.py", line 873, in get_handle
    handle = open(
FileNotFoundError: [Errno 2] No such file or directory: '/rds/projects/n/nielsemb-plato-peakbagging/george/PBjammy/LightCurves/ktwo206064678_01_kasoc-psd_slc_v1.pow'
Thu Jan 30 05:37:02 2025
ID         206064678
numax         3037.0
numax_e         60.0
dnu            138.0
dnu_e            3.0
Teff            5513
Teff_e           100
bp_rp       0.963101
bp_rp_e          0.1
Type              MS
Np                10
Flag               1
Name: 0, dtype: object
ID: 206064678


Traceback (most recent call last):
  File "/rds/projects/n/nielsemb-plato-peakbagging/george/PBjammy/ThePBjam/TheActivator.py", line 94, in LetUsBegin
    Activate(n)
  File "/rds/projects/n/nielsemb-plato-peakbagging/george/PBjammy/ThePBjam/TheActivator.py", line 61, in Activate
    f, s = PBjammer.PSD(BigData.ID[d], 'Rafa')
  File "/rds/projects/n/nielsemb-plato-peakbagging/george/PBjammy/ThePBjam/PBjammer.py", line 41, in PSD
    Lightning = pd.read_csv(f'/rds/projects/n/nielsemb-plato-peakbagging/george/'
  File "/rds/homes/g/gth025/.local/lib/python3.9/site-packages/pandas/io/parsers/readers.py", line 1026, in read_csv
    return _read(filepath_or_buffer, kwds)
  File "/rds/homes/g/gth025/.local/lib/python3.9/site-packages/pandas/io/parsers/readers.py", line 620, in _read
    parser = TextFileReader(filepath_or_buffer, **kwds)
  File "/rds/homes/g/gth025/.local/lib/python3.9/site-packages/pandas/io/parsers/readers.py", line 1620, in __init__
    self._engine = self._make_engine(f, self.engine)
  File "/rds/homes/g/gth025/.local/lib/python3.9/site-packages/pandas/io/parsers/readers.py", line 1880, in _make_engine
    self.handles = get_handle(
  File "/rds/homes/g/gth025/.local/lib/python3.9/site-packages/pandas/io/common.py", line 873, in get_handle
    handle = open(
FileNotFoundError: [Errno 2] No such file or directory: '/rds/projects/n/nielsemb-plato-peakbagging/george/Sinister Six/rafas_stars/ktwo206064678_01_kasoc-psd_slc_v1.pow'
Thu Jan 30 05:39:27 2025
ID         206064678
numax         3037.0
numax_e         60.0
dnu            138.0
dnu_e            3.0
Teff            5513
Teff_e           100
bp_rp       0.963101
bp_rp_e          0.1
Type              MS
Np                10
Flag               1
Name: 0, dtype: object
ID: 206064678


Traceback (most recent call last):
  File "/rds/projects/n/nielsemb-plato-peakbagging/george/PBjammy/ThePBjam/TheActivator.py", line 94, in LetUsBegin
    Activate(n)
  File "/rds/projects/n/nielsemb-plato-peakbagging/george/PBjammy/ThePBjam/TheActivator.py", line 61, in Activate
    f, s = PBjammer.PSD(BigData.ID[d], 'Rafa')
  File "/rds/projects/n/nielsemb-plato-peakbagging/george/PBjammy/ThePBjam/PBjammer.py", line 45, in PSD
    psd = IO.psd(ID=ID, lk_kwargs={}, time=Lightning.Frequency, flux=Lightning.Power)
  File "/rds/homes/g/gth025/.local/lib/python3.9/site-packages/pandas/core/generic.py", line 6299, in __getattr__
    return object.__getattribute__(self, name)
AttributeError: 'DataFrame' object has no attribute 'Frequency'
Thu Jan 30 05:42:04 2025
ID         206064678
numax         3037.0
numax_e         60.0
dnu            138.0
dnu_e            3.0
Teff            5513
Teff_e           100
bp_rp       0.963101
bp_rp_e          0.1
Type              MS
Np                10
Flag               1
Name: 0, dtype: object
ID: 206064678
Total Extermination!
[]
Using emcee to sample.
Creating envelope slices
Peakbagging slice 1/1
Time taken 29.0 minutes
Plotting
Saving....
Calculation Complete




Tue Feb 11 13:49:12 2025
ID         206064678
numax         3037.0
numax_e         60.0
dnu            138.0
dnu_e            3.0
Teff            5513
Teff_e           100
bp_rp       0.963101
bp_rp_e          0.1
Type              MS
Np                10
Flag               1
Name         Sandman
Name: 0, dtype: object
ID: 206064678


Traceback (most recent call last):
  File "/rds/projects/n/nielsemb-plato-peakbagging/george/PBjammy/ThePBjam/TheActivator.py", line 95, in LetUsBegin
    Activate(n)
  File "/rds/projects/n/nielsemb-plato-peakbagging/george/PBjammy/ThePBjam/TheActivator.py", line 61, in Activate
    f, s = PBjammer.PSD(BigData.ID[d], 'Rafa')
  File "/rds/projects/n/nielsemb-plato-peakbagging/george/PBjammy/ThePBjam/PBjammer.py", line 49, in PSD
    Destroy = Exterminate.TotalDestruction([np.array(Lightning.Frequency), np.array(Lightning.Power)])
  File "/rds/homes/g/gth025/.local/lib/python3.9/site-packages/pandas/core/generic.py", line 6299, in __getattr__
    return object.__getattribute__(self, name)
AttributeError: 'DataFrame' object has no attribute 'Frequency'


Tue Feb 11 13:50:22 2025
ID         206064678
numax         3037.0
numax_e         60.0
dnu            138.0
dnu_e            3.0
Teff            5513
Teff_e           100
bp_rp       0.963101
bp_rp_e          0.1
Type              MS
Np                10
Flag               1
Name         Sandman
Name: 0, dtype: object
ID: 206064678
Total Extermination!
[]
Using emcee to sample.
Peakbagging slice 1/1
Time taken 34.6 minutes
Plotting
Saving....
Calculation Complete


