Tue Nov 26 17:21:42 2024
ID         206371648
numax         3128.0
numax_e         60.0
dnu            137.0
dnu_e            3.0
Teff        5397.479
Teff_e           100
bp_rp       0.930634
bp_rp_e          0.1
Type              MS
Np                10
Flag               3
Name: 2, dtype: object
ID: 206371648
Contacting Text File
Standard Configuration
Total Extermination!
[276, 277, 278, 279, 280, 281, 282, 283, 284, 285, 286, 287, 559, 560, 561, 562, 563, 564, 565, 566, 567, 568, 569, 570, 841, 842, 843, 844, 845, 846, 847, 848, 849, 850, 851, 852, 1124, 1125, 1126, 1127, 1128, 1129, 1130, 1131, 1132, 1133, 1134, 1135, 1406, 1407, 1408, 1409, 1410, 1411, 1412, 1413, 1414, 1415, 1416, 1417, 1688, 1689, 1690, 1691, 1692, 1693, 1694, 1695, 1696, 1697, 1698, 1699, 1970, 1971, 1972, 1973, 1974, 1975, 1976, 1977, 1978, 1979, 1980, 1981, 2253, 2254, 2255, 2256, 2257, 2258, 2259, 2260, 2261, 2262, 2263, 2264, 2535, 2536, 2537, 2538, 2539, 2540, 2541, 2542, 2543, 2544, 2545, 2546, 2818, 2819, 2820, 2821, 2822, 2823, 2824, 2825, 2826, 2827, 2828, 2829, 3100, 3101, 3102, 3103, 3104, 3105, 3106, 3107, 3108, 3109, 3110, 3111, 3382, 3383, 3384, 3385, 3386, 3387, 3388, 3389, 3390, 3391, 3392, 3393, 3665, 3666, 3667, 3668, 3669, 3670, 3671, 3672, 3673, 3674, 3675, 3676, 3947, 3948, 3949, 3950, 3951, 3952, 3953, 3954, 3955, 3956, 3957, 3958]
Using epsilon of 1.594672460061029
Model suggests 1.45
Using emcee to sample.
Creating envelope slices
Peakbagging slice 1/1
Time taken 46.1 minutes
Saving....
Calculation Complete


Wed Nov 27 10:30:41 2024
ID         206371648
numax         3128.0
numax_e         60.0
dnu            136.0
dnu_e            2.0
Teff        5397.479
Teff_e           100
bp_rp       0.930634
bp_rp_e          0.1
Type              MS
Np                10
Flag               5
Name: 2, dtype: object
ID: 206371648
Contacting Text File
Standard Configuration
Total Extermination!
[276, 277, 278, 279, 280, 281, 282, 283, 284, 285, 286, 287, 559, 560, 561, 562, 563, 564, 565, 566, 567, 568, 569, 570, 841, 842, 843, 844, 845, 846, 847, 848, 849, 850, 851, 852, 1124, 1125, 1126, 1127, 1128, 1129, 1130, 1131, 1132, 1133, 1134, 1135, 1406, 1407, 1408, 1409, 1410, 1411, 1412, 1413, 1414, 1415, 1416, 1417, 1688, 1689, 1690, 1691, 1692, 1693, 1694, 1695, 1696, 1697, 1698, 1699, 1970, 1971, 1972, 1973, 1974, 1975, 1976, 1977, 1978, 1979, 1980, 1981, 2253, 2254, 2255, 2256, 2257, 2258, 2259, 2260, 2261, 2262, 2263, 2264, 2535, 2536, 2537, 2538, 2539, 2540, 2541, 2542, 2543, 2544, 2545, 2546, 2818, 2819, 2820, 2821, 2822, 2823, 2824, 2825, 2826, 2827, 2828, 2829, 3100, 3101, 3102, 3103, 3104, 3105, 3106, 3107, 3108, 3109, 3110, 3111, 3382, 3383, 3384, 3385, 3386, 3387, 3388, 3389, 3390, 3391, 3392, 3393, 3665, 3666, 3667, 3668, 3669, 3670, 3671, 3672, 3673, 3674, 3675, 3676, 3947, 3948, 3949, 3950, 3951, 3952, 3953, 3954, 3955, 3956, 3957, 3958]
Using epsilon of 1.6206390049511445
Model suggests 1.45
Using emcee to sample.
Creating envelope slices
Peakbagging slice 1/1
Time taken 44.6 minutes
Saving....
Calculation Complete


Wed Nov 27 11:49:22 2024
ID         206371648
numax         3128.0
numax_e         60.0
dnu            136.0
dnu_e            0.5
Teff        5397.479
Teff_e           100
bp_rp       0.930634
bp_rp_e          0.1
Type              MS
Np                10
Flag               5
Name: 2, dtype: object
ID: 206371648
Contacting Text File
Standard Configuration
Total Extermination!
[276, 277, 278, 279, 280, 281, 282, 283, 284, 285, 286, 287, 559, 560, 561, 562, 563, 564, 565, 566, 567, 568, 569, 570, 841, 842, 843, 844, 845, 846, 847, 848, 849, 850, 851, 852, 1124, 1125, 1126, 1127, 1128, 1129, 1130, 1131, 1132, 1133, 1134, 1135, 1406, 1407, 1408, 1409, 1410, 1411, 1412, 1413, 1414, 1415, 1416, 1417, 1688, 1689, 1690, 1691, 1692, 1693, 1694, 1695, 1696, 1697, 1698, 1699, 1970, 1971, 1972, 1973, 1974, 1975, 1976, 1977, 1978, 1979, 1980, 1981, 2253, 2254, 2255, 2256, 2257, 2258, 2259, 2260, 2261, 2262, 2263, 2264, 2535, 2536, 2537, 2538, 2539, 2540, 2541, 2542, 2543, 2544, 2545, 2546, 2818, 2819, 2820, 2821, 2822, 2823, 2824, 2825, 2826, 2827, 2828, 2829, 3100, 3101, 3102, 3103, 3104, 3105, 3106, 3107, 3108, 3109, 3110, 3111, 3382, 3383, 3384, 3385, 3386, 3387, 3388, 3389, 3390, 3391, 3392, 3393, 3665, 3666, 3667, 3668, 3669, 3670, 3671, 3672, 3673, 3674, 3675, 3676, 3947, 3948, 3949, 3950, 3951, 3952, 3953, 3954, 3955, 3956, 3957, 3958]
Using epsilon of 1.493250058334691
Model suggests 1.45
Using emcee to sample.
Creating envelope slices
Peakbagging slice 1/1
Time taken 40.1 minutes
Saving....
Calculation Complete


Wed Nov 27 13:17:52 2024
ID         206371648
numax         3128.0
numax_e         60.0
dnu            136.0
dnu_e            0.5
Teff        5397.479
Teff_e           150
bp_rp       0.930634
bp_rp_e          1.0
Type              MS
Np                10
Flag               5
Name: 2, dtype: object
ID: 206371648
Contacting Text File
Standard Configuration
Total Extermination!
[276, 277, 278, 279, 280, 281, 282, 283, 284, 285, 286, 287, 559, 560, 561, 562, 563, 564, 565, 566, 567, 568, 569, 570, 841, 842, 843, 844, 845, 846, 847, 848, 849, 850, 851, 852, 1124, 1125, 1126, 1127, 1128, 1129, 1130, 1131, 1132, 1133, 1134, 1135, 1406, 1407, 1408, 1409, 1410, 1411, 1412, 1413, 1414, 1415, 1416, 1417, 1688, 1689, 1690, 1691, 1692, 1693, 1694, 1695, 1696, 1697, 1698, 1699, 1970, 1971, 1972, 1973, 1974, 1975, 1976, 1977, 1978, 1979, 1980, 1981, 2253, 2254, 2255, 2256, 2257, 2258, 2259, 2260, 2261, 2262, 2263, 2264, 2535, 2536, 2537, 2538, 2539, 2540, 2541, 2542, 2543, 2544, 2545, 2546, 2818, 2819, 2820, 2821, 2822, 2823, 2824, 2825, 2826, 2827, 2828, 2829, 3100, 3101, 3102, 3103, 3104, 3105, 3106, 3107, 3108, 3109, 3110, 3111, 3382, 3383, 3384, 3385, 3386, 3387, 3388, 3389, 3390, 3391, 3392, 3393, 3665, 3666, 3667, 3668, 3669, 3670, 3671, 3672, 3673, 3674, 3675, 3676, 3947, 3948, 3949, 3950, 3951, 3952, 3953, 3954, 3955, 3956, 3957, 3958]
Using epsilon of 1.6146833885447847
Model suggests 1.45
Using emcee to sample.
Creating envelope slices
Peakbagging slice 1/1
Time taken 42.5 minutes
Saving....
Calculation Complete


Wed Nov 27 14:48:10 2024
ID         206371648
numax         3128.0
numax_e         50.0
dnu            136.0
dnu_e            0.5
Teff        5397.479
Teff_e           150
bp_rp       0.930634
bp_rp_e          1.0
Type              MS
Np                 8
Flag               5
Name: 2, dtype: object
ID: 206371648
Contacting Text File
Standard Configuration
Total Extermination!
[276, 277, 278, 279, 280, 281, 282, 283, 284, 285, 286, 287, 559, 560, 561, 562, 563, 564, 565, 566, 567, 568, 569, 570, 841, 842, 843, 844, 845, 846, 847, 848, 849, 850, 851, 852, 1124, 1125, 1126, 1127, 1128, 1129, 1130, 1131, 1132, 1133, 1134, 1135, 1406, 1407, 1408, 1409, 1410, 1411, 1412, 1413, 1414, 1415, 1416, 1417, 1688, 1689, 1690, 1691, 1692, 1693, 1694, 1695, 1696, 1697, 1698, 1699, 1970, 1971, 1972, 1973, 1974, 1975, 1976, 1977, 1978, 1979, 1980, 1981, 2253, 2254, 2255, 2256, 2257, 2258, 2259, 2260, 2261, 2262, 2263, 2264, 2535, 2536, 2537, 2538, 2539, 2540, 2541, 2542, 2543, 2544, 2545, 2546, 2818, 2819, 2820, 2821, 2822, 2823, 2824, 2825, 2826, 2827, 2828, 2829, 3100, 3101, 3102, 3103, 3104, 3105, 3106, 3107, 3108, 3109, 3110, 3111, 3382, 3383, 3384, 3385, 3386, 3387, 3388, 3389, 3390, 3391, 3392, 3393, 3665, 3666, 3667, 3668, 3669, 3670, 3671, 3672, 3673, 3674, 3675, 3676, 3947, 3948, 3949, 3950, 3951, 3952, 3953, 3954, 3955, 3956, 3957, 3958]
Using epsilon of 1.4846251450509622
Model suggests 1.45
Using emcee to sample.
Creating envelope slices
Peakbagging slice 1/1
Time taken 25.7 minutes
Saving....
Calculation Complete


Wed Nov 27 15:28:03 2024
ID         206371648
numax         3000.0
numax_e         50.0
dnu            136.0
dnu_e            0.5
Teff            5397
Teff_e            30
bp_rp       0.930634
bp_rp_e          0.1
Type              MS
Np                 8
Flag               5
Name: 2, dtype: object
ID: 206371648
Contacting Text File
Standard Configuration
Total Extermination!
[276, 277, 278, 279, 280, 281, 282, 283, 284, 285, 286, 287, 559, 560, 561, 562, 563, 564, 565, 566, 567, 568, 569, 570, 841, 842, 843, 844, 845, 846, 847, 848, 849, 850, 851, 852, 1124, 1125, 1126, 1127, 1128, 1129, 1130, 1131, 1132, 1133, 1134, 1135, 1406, 1407, 1408, 1409, 1410, 1411, 1412, 1413, 1414, 1415, 1416, 1417, 1688, 1689, 1690, 1691, 1692, 1693, 1694, 1695, 1696, 1697, 1698, 1699, 1970, 1971, 1972, 1973, 1974, 1975, 1976, 1977, 1978, 1979, 1980, 1981, 2253, 2254, 2255, 2256, 2257, 2258, 2259, 2260, 2261, 2262, 2263, 2264, 2535, 2536, 2537, 2538, 2539, 2540, 2541, 2542, 2543, 2544, 2545, 2546, 2818, 2819, 2820, 2821, 2822, 2823, 2824, 2825, 2826, 2827, 2828, 2829, 3100, 3101, 3102, 3103, 3104, 3105, 3106, 3107, 3108, 3109, 3110, 3111, 3382, 3383, 3384, 3385, 3386, 3387, 3388, 3389, 3390, 3391, 3392, 3393, 3665, 3666, 3667, 3668, 3669, 3670, 3671, 3672, 3673, 3674, 3675, 3676, 3947, 3948, 3949, 3950, 3951, 3952, 3953, 3954, 3955, 3956, 3957, 3958]
Using epsilon of 1.640869826221778
Model suggests 1.45
Using emcee to sample.
Creating envelope slices
Peakbagging slice 1/1
Time taken 33.5 minutes
Saving....
Calculation Complete


Wed Nov 27 16:27:59 2024
ID         206371648
numax         3000.0
numax_e         50.0
dnu            136.0
dnu_e            0.5
Teff            5397
Teff_e            30
bp_rp       0.930634
bp_rp_e          0.1
Type              MS
Np                 8
Flag               5
Name: 2, dtype: object
ID: 206371648
136.0
{'dnu': <pbjam.distributions.normal object at 0x151029457cd0>}
Contacting Text File
Standard Configuration
Total Extermination!
[276, 277, 278, 279, 280, 281, 282, 283, 284, 285, 286, 287, 559, 560, 561, 562, 563, 564, 565, 566, 567, 568, 569, 570, 841, 842, 843, 844, 845, 846, 847, 848, 849, 850, 851, 852, 1124, 1125, 1126, 1127, 1128, 1129, 1130, 1131, 1132, 1133, 1134, 1135, 1406, 1407, 1408, 1409, 1410, 1411, 1412, 1413, 1414, 1415, 1416, 1417, 1688, 1689, 1690, 1691, 1692, 1693, 1694, 1695, 1696, 1697, 1698, 1699, 1970, 1971, 1972, 1973, 1974, 1975, 1976, 1977, 1978, 1979, 1980, 1981, 2253, 2254, 2255, 2256, 2257, 2258, 2259, 2260, 2261, 2262, 2263, 2264, 2535, 2536, 2537, 2538, 2539, 2540, 2541, 2542, 2543, 2544, 2545, 2546, 2818, 2819, 2820, 2821, 2822, 2823, 2824, 2825, 2826, 2827, 2828, 2829, 3100, 3101, 3102, 3103, 3104, 3105, 3106, 3107, 3108, 3109, 3110, 3111, 3382, 3383, 3384, 3385, 3386, 3387, 3388, 3389, 3390, 3391, 3392, 3393, 3665, 3666, 3667, 3668, 3669, 3670, 3671, 3672, 3673, 3674, 3675, 3676, 3947, 3948, 3949, 3950, 3951, 3952, 3953, 3954, 3955, 3956, 3957, 3958]
Using epsilon of 1.6296965981231324
Model suggests 1.45
Using emcee to sample.
Creating envelope slices
Peakbagging slice 1/1
Time taken 26.5 minutes
Saving....
Calculation Complete


Wed Nov 27 17:04:57 2024
ID         206371648
numax         3000.0
numax_e         50.0
dnu            136.0
dnu_e            0.5
Teff            5397
Teff_e            30
bp_rp       0.930634
bp_rp_e          0.1
Type              MS
Np                 8
Flag               5
Name: 2, dtype: object
ID: 206371648
Contacting Text File
Standard Configuration
Total Extermination!
[276, 277, 278, 279, 280, 281, 282, 283, 284, 285, 286, 287, 559, 560, 561, 562, 563, 564, 565, 566, 567, 568, 569, 570, 841, 842, 843, 844, 845, 846, 847, 848, 849, 850, 851, 852, 1124, 1125, 1126, 1127, 1128, 1129, 1130, 1131, 1132, 1133, 1134, 1135, 1406, 1407, 1408, 1409, 1410, 1411, 1412, 1413, 1414, 1415, 1416, 1417, 1688, 1689, 1690, 1691, 1692, 1693, 1694, 1695, 1696, 1697, 1698, 1699, 1970, 1971, 1972, 1973, 1974, 1975, 1976, 1977, 1978, 1979, 1980, 1981, 2253, 2254, 2255, 2256, 2257, 2258, 2259, 2260, 2261, 2262, 2263, 2264, 2535, 2536, 2537, 2538, 2539, 2540, 2541, 2542, 2543, 2544, 2545, 2546, 2818, 2819, 2820, 2821, 2822, 2823, 2824, 2825, 2826, 2827, 2828, 2829, 3100, 3101, 3102, 3103, 3104, 3105, 3106, 3107, 3108, 3109, 3110, 3111, 3382, 3383, 3384, 3385, 3386, 3387, 3388, 3389, 3390, 3391, 3392, 3393, 3665, 3666, 3667, 3668, 3669, 3670, 3671, 3672, 3673, 3674, 3675, 3676, 3947, 3948, 3949, 3950, 3951, 3952, 3953, 3954, 3955, 3956, 3957, 3958]
Using epsilon of 1.5678483472580793
Model suggests 1.45
Using emcee to sample.
Creating envelope slices
Wed Nov 27 17:09:11 2024
ID         206371648
numax         3000.0
numax_e         50.0
dnu            136.0
dnu_e            0.5
Teff            5397
Teff_e            30
bp_rp       0.930634
bp_rp_e          0.1
Type              MS
Np                 8
Flag               5
Name: 2, dtype: object
ID: 206371648
Contacting Text File
Standard Configuration
Activating 3-space separation


Traceback (most recent call last):
  File "/rds/projects/n/nielsemb-plato-peakbagging/george/PBjammy/ThePBjam/PBjammer.py", line 52, in Mode20
    f, s = PSD(ID, 'Text')
  File "/rds/projects/n/nielsemb-plato-peakbagging/george/PBjammy/ThePBjam/PBjammer.py", line 39, in PSD
    psd = IO.psd(ID=ID, lk_kwargs={}, time=Lightning.Frequency, flux=Lightning.Power)
  File "/rds/projects/n/nielsemb-plato-peakbagging/george/PBjammy/ThePBjam/pbjam/IO.py", line 93, in __init__
    self.TS = timeSeries(ID, lk_kwargs, time, flux, flux_err, self.badIdx, self.downloadDir, numax=self.numax)
  File "/rds/projects/n/nielsemb-plato-peakbagging/george/PBjammy/ThePBjam/pbjam/IO.py", line 334, in __init__
    self._getBadIndex(self.time, self.flux, self.flux_err, self.badIdx)
  File "/rds/projects/n/nielsemb-plato-peakbagging/george/PBjammy/ThePBjam/pbjam/IO.py", line 391, in _getBadIndex
    self.badIdx = np.invert(np.isfinite(time) & np.isfinite(flux) & np.isfinite(flux_err) & np.invert(badIdx))
  File "/rds/homes/g/gth025/.local/lib/python3.9/site-packages/pandas/core/generic.py", line 2171, in __array_ufunc__
    return arraylike.array_ufunc(self, ufunc, method, *inputs, **kwargs)
  File "/rds/homes/g/gth025/.local/lib/python3.9/site-packages/pandas/core/arraylike.py", line 399, in array_ufunc
    result = getattr(ufunc, method)(*inputs, **kwargs)
TypeError: ufunc 'isfinite' not supported for the input types, and the inputs could not be safely coerced to any supported types according to the casting rule ''safe''

During handling of the above exception, another exception occurred:

Traceback (most recent call last):
  File "/rds/projects/n/nielsemb-plato-peakbagging/george/PBjammy/ThePBjam/PBjammer.py", line 58, in Mode20
    f, s = PSD(ID, 'Standard')
  File "/rds/projects/n/nielsemb-plato-peakbagging/george/PBjammy/ThePBjam/PBjammer.py", line 33, in PSD
    Lightning = pd.read_csv(f'/rds/projects/n/nielsemb-plato-peakbagging/george/Sinister Six/rafas_stars/ktwo00{ID}_01_kasoc-psd_slc_v1.dat', comment='#', names=['Frequency', 'Power'], sep=' ')
  File "/rds/homes/g/gth025/.local/lib/python3.9/site-packages/pandas/io/parsers/readers.py", line 1026, in read_csv
    return _read(filepath_or_buffer, kwds)
  File "/rds/homes/g/gth025/.local/lib/python3.9/site-packages/pandas/io/parsers/readers.py", line 620, in _read
    parser = TextFileReader(filepath_or_buffer, **kwds)
  File "/rds/homes/g/gth025/.local/lib/python3.9/site-packages/pandas/io/parsers/readers.py", line 1620, in __init__
    self._engine = self._make_engine(f, self.engine)
  File "/rds/homes/g/gth025/.local/lib/python3.9/site-packages/pandas/io/parsers/readers.py", line 1880, in _make_engine
    self.handles = get_handle(
  File "/rds/homes/g/gth025/.local/lib/python3.9/site-packages/pandas/io/common.py", line 873, in get_handle
    handle = open(
FileNotFoundError: [Errno 2] No such file or directory: '/rds/projects/n/nielsemb-plato-peakbagging/george/Sinister Six/rafas_stars/ktwo00206371648_01_kasoc-psd_slc_v1.dat'

During handling of the above exception, another exception occurred:

Traceback (most recent call last):
  File "/rds/projects/n/nielsemb-plato-peakbagging/george/PBjammy/ThePBjam/TheActivator.py", line 86, in LetUsBegin
    Activate(n)
  File "/rds/projects/n/nielsemb-plato-peakbagging/george/PBjammy/ThePBjam/TheActivator.py", line 46, in Activate
    Result, f, s, M = ModeResult(BigData.ID[d], BigData.Np[d], (BigData.numax[d], BigData.numax_e[d]),
  File "/rds/projects/n/nielsemb-plato-peakbagging/george/PBjammy/ThePBjam/TheActivator.py", line 25, in ModeResult
    return PBjammer.Run(ID, Np, numax=numax, dnu=dnu, teff=teff, bp_rp=bp_rp, Plot=Plot, l1=l1, Type=Type)
  File "/rds/projects/n/nielsemb-plato-peakbagging/george/PBjammy/ThePBjam/PBjammer.py", line 122, in Run
    Result, f, s, M = Mode20(ID, Np, numax=numax, dnu=dnu, teff=teff, bp_rp=bp_rp, Plot=Plot, l1=l1, Type=Type)
  File "/rds/projects/n/nielsemb-plato-peakbagging/george/PBjammy/ThePBjam/PBjammer.py", line 64, in Mode20
    f, s = PSD(ID, '3-space')
  File "/rds/projects/n/nielsemb-plato-peakbagging/george/PBjammy/ThePBjam/PBjammer.py", line 39, in PSD
    psd = IO.psd(ID=ID, lk_kwargs={}, time=Lightning.Frequency, flux=Lightning.Power)
  File "/rds/projects/n/nielsemb-plato-peakbagging/george/PBjammy/ThePBjam/pbjam/IO.py", line 93, in __init__
    self.TS = timeSeries(ID, lk_kwargs, time, flux, flux_err, self.badIdx, self.downloadDir, numax=self.numax)
  File "/rds/projects/n/nielsemb-plato-peakbagging/george/PBjammy/ThePBjam/pbjam/IO.py", line 334, in __init__
    self._getBadIndex(self.time, self.flux, self.flux_err, self.badIdx)
  File "/rds/projects/n/nielsemb-plato-peakbagging/george/PBjammy/ThePBjam/pbjam/IO.py", line 391, in _getBadIndex
    self.badIdx = np.invert(np.isfinite(time) & np.isfinite(flux) & np.isfinite(flux_err) & np.invert(badIdx))
  File "/rds/homes/g/gth025/.local/lib/python3.9/site-packages/pandas/core/generic.py", line 2171, in __array_ufunc__
    return arraylike.array_ufunc(self, ufunc, method, *inputs, **kwargs)
  File "/rds/homes/g/gth025/.local/lib/python3.9/site-packages/pandas/core/arraylike.py", line 399, in array_ufunc
    result = getattr(ufunc, method)(*inputs, **kwargs)
TypeError: ufunc 'isfinite' not supported for the input types, and the inputs could not be safely coerced to any supported types according to the casting rule ''safe''
Wed Nov 27 17:14:29 2024
ID         206371648
numax         3000.0
numax_e         50.0
dnu            136.0
dnu_e            0.5
Teff            5397
Teff_e            30
bp_rp       0.930634
bp_rp_e          0.1
Type              MS
Np                 8
Flag               5
Name: 2, dtype: object
ID: 206371648
Contacting Text File
Standard Configuration
Total Extermination!
[276, 277, 278, 279, 280, 281, 282, 283, 284, 285, 286, 287, 559, 560, 561, 562, 563, 564, 565, 566, 567, 568, 569, 570, 841, 842, 843, 844, 845, 846, 847, 848, 849, 850, 851, 852, 1124, 1125, 1126, 1127, 1128, 1129, 1130, 1131, 1132, 1133, 1134, 1135, 1406, 1407, 1408, 1409, 1410, 1411, 1412, 1413, 1414, 1415, 1416, 1417, 1688, 1689, 1690, 1691, 1692, 1693, 1694, 1695, 1696, 1697, 1698, 1699, 1970, 1971, 1972, 1973, 1974, 1975, 1976, 1977, 1978, 1979, 1980, 1981, 2253, 2254, 2255, 2256, 2257, 2258, 2259, 2260, 2261, 2262, 2263, 2264, 2535, 2536, 2537, 2538, 2539, 2540, 2541, 2542, 2543, 2544, 2545, 2546, 2818, 2819, 2820, 2821, 2822, 2823, 2824, 2825, 2826, 2827, 2828, 2829, 3100, 3101, 3102, 3103, 3104, 3105, 3106, 3107, 3108, 3109, 3110, 3111, 3382, 3383, 3384, 3385, 3386, 3387, 3388, 3389, 3390, 3391, 3392, 3393, 3665, 3666, 3667, 3668, 3669, 3670, 3671, 3672, 3673, 3674, 3675, 3676, 3947, 3948, 3949, 3950, 3951, 3952, 3953, 3954, 3955, 3956, 3957, 3958]
Using epsilon of 1.5922292130233664
Model suggests 1.45
Using emcee to sample.
Creating envelope slices
Peakbagging slice 1/1
Time taken 29.1 minutes
Saving....
Calculation Complete


Thu Nov 28 10:34:53 2024
ID         206371648
numax         2992.0
numax_e         30.0
dnu           136.75
dnu_e            0.5
Teff            5397
Teff_e            70
bp_rp       0.930634
bp_rp_e          0.1
Type              MS
Np                 8
Flag               5
Name: 2, dtype: object
ID: 206371648
Contacting Text File
Standard Configuration
Total Extermination!
[276, 277, 278, 279, 280, 281, 282, 283, 284, 285, 286, 287, 559, 560, 561, 562, 563, 564, 565, 566, 567, 568, 569, 570, 841, 842, 843, 844, 845, 846, 847, 848, 849, 850, 851, 852, 1124, 1125, 1126, 1127, 1128, 1129, 1130, 1131, 1132, 1133, 1134, 1135, 1406, 1407, 1408, 1409, 1410, 1411, 1412, 1413, 1414, 1415, 1416, 1417, 1688, 1689, 1690, 1691, 1692, 1693, 1694, 1695, 1696, 1697, 1698, 1699, 1970, 1971, 1972, 1973, 1974, 1975, 1976, 1977, 1978, 1979, 1980, 1981, 2253, 2254, 2255, 2256, 2257, 2258, 2259, 2260, 2261, 2262, 2263, 2264, 2535, 2536, 2537, 2538, 2539, 2540, 2541, 2542, 2543, 2544, 2545, 2546, 2818, 2819, 2820, 2821, 2822, 2823, 2824, 2825, 2826, 2827, 2828, 2829, 3100, 3101, 3102, 3103, 3104, 3105, 3106, 3107, 3108, 3109, 3110, 3111, 3382, 3383, 3384, 3385, 3386, 3387, 3388, 3389, 3390, 3391, 3392, 3393, 3665, 3666, 3667, 3668, 3669, 3670, 3671, 3672, 3673, 3674, 3675, 3676, 3947, 3948, 3949, 3950, 3951, 3952, 3953, 3954, 3955, 3956, 3957, 3958]
Using epsilon of 1.4932757065901099
Model suggests 1.45
Using emcee to sample.
Creating envelope slices
Peakbagging slice 1/1
Time taken 27.8 minutes
Saving....
Calculation Complete


Thu Nov 28 11:12:31 2024
ID         206371648
numax         2992.0
numax_e         30.0
dnu           136.75
dnu_e            0.5
Teff            5397
Teff_e           100
bp_rp       0.930634
bp_rp_e          0.1
Type              MS
Np                12
Flag               9
Name: 2, dtype: object
ID: 206371648
Contacting Text File
Standard Configuration
Total Extermination!
[276, 277, 278, 279, 280, 281, 282, 283, 284, 285, 286, 287, 559, 560, 561, 562, 563, 564, 565, 566, 567, 568, 569, 570, 841, 842, 843, 844, 845, 846, 847, 848, 849, 850, 851, 852, 1124, 1125, 1126, 1127, 1128, 1129, 1130, 1131, 1132, 1133, 1134, 1135, 1406, 1407, 1408, 1409, 1410, 1411, 1412, 1413, 1414, 1415, 1416, 1417, 1688, 1689, 1690, 1691, 1692, 1693, 1694, 1695, 1696, 1697, 1698, 1699, 1970, 1971, 1972, 1973, 1974, 1975, 1976, 1977, 1978, 1979, 1980, 1981, 2253, 2254, 2255, 2256, 2257, 2258, 2259, 2260, 2261, 2262, 2263, 2264, 2535, 2536, 2537, 2538, 2539, 2540, 2541, 2542, 2543, 2544, 2545, 2546, 2818, 2819, 2820, 2821, 2822, 2823, 2824, 2825, 2826, 2827, 2828, 2829, 3100, 3101, 3102, 3103, 3104, 3105, 3106, 3107, 3108, 3109, 3110, 3111, 3382, 3383, 3384, 3385, 3386, 3387, 3388, 3389, 3390, 3391, 3392, 3393, 3665, 3666, 3667, 3668, 3669, 3670, 3671, 3672, 3673, 3674, 3675, 3676, 3947, 3948, 3949, 3950, 3951, 3952, 3953, 3954, 3955, 3956, 3957, 3958]
Using epsilon of 1.6228107136616383
Model suggests 1.45
Using emcee to sample.
Creating envelope slices
Peakbagging slice 1/1
Time taken 53.5 minutes
Saving....
Calculation Complete


Thu Nov 28 14:25:17 2024
I've approved it, so we'll leave it for now :)

ID         206371648
numax         2992.0
numax_e         30.0
dnu           136.75
dnu_e            0.5
Teff            5397
Teff_e           100
bp_rp       0.930634
bp_rp_e          0.1
Type              MS
Np                 8
Flag               2
Name: 2, dtype: object
ID: 206371648
Contacting Text File
Standard Configuration
Total Extermination!
[276, 277, 278, 279, 280, 281, 282, 283, 284, 285, 286, 287, 559, 560, 561, 562, 563, 564, 565, 566, 567, 568, 569, 570, 841, 842, 843, 844, 845, 846, 847, 848, 849, 850, 851, 852, 1124, 1125, 1126, 1127, 1128, 1129, 1130, 1131, 1132, 1133, 1134, 1135, 1406, 1407, 1408, 1409, 1410, 1411, 1412, 1413, 1414, 1415, 1416, 1417, 1688, 1689, 1690, 1691, 1692, 1693, 1694, 1695, 1696, 1697, 1698, 1699, 1970, 1971, 1972, 1973, 1974, 1975, 1976, 1977, 1978, 1979, 1980, 1981, 2253, 2254, 2255, 2256, 2257, 2258, 2259, 2260, 2261, 2262, 2263, 2264, 2535, 2536, 2537, 2538, 2539, 2540, 2541, 2542, 2543, 2544, 2545, 2546, 2818, 2819, 2820, 2821, 2822, 2823, 2824, 2825, 2826, 2827, 2828, 2829, 3100, 3101, 3102, 3103, 3104, 3105, 3106, 3107, 3108, 3109, 3110, 3111, 3382, 3383, 3384, 3385, 3386, 3387, 3388, 3389, 3390, 3391, 3392, 3393, 3665, 3666, 3667, 3668, 3669, 3670, 3671, 3672, 3673, 3674, 3675, 3676, 3947, 3948, 3949, 3950, 3951, 3952, 3953, 3954, 3955, 3956, 3957, 3958]
Using epsilon of 1.5015254960091509
Model suggests 1.45
Using emcee to sample.
Creating envelope slices
Peakbagging slice 1/1
Time taken 31.8 minutes
Saving....
Calculation Complete


Thu Nov 28 15:58:25 2024
I've approved it, so we'll leave it for now :)

ID         206371648
numax         2992.0
numax_e         30.0
dnu           136.75
dnu_e            0.5
Teff            5397
Teff_e           100
bp_rp       0.930634
bp_rp_e          0.1
Type              MS
Np                10
Flag               2
Name: 2, dtype: object
ID: 206371648
Contacting Text File
Standard Configuration
Total Extermination!
[276, 277, 278, 279, 280, 281, 282, 283, 284, 285, 286, 287, 559, 560, 561, 562, 563, 564, 565, 566, 567, 568, 569, 570, 841, 842, 843, 844, 845, 846, 847, 848, 849, 850, 851, 852, 1124, 1125, 1126, 1127, 1128, 1129, 1130, 1131, 1132, 1133, 1134, 1135, 1406, 1407, 1408, 1409, 1410, 1411, 1412, 1413, 1414, 1415, 1416, 1417, 1688, 1689, 1690, 1691, 1692, 1693, 1694, 1695, 1696, 1697, 1698, 1699, 1970, 1971, 1972, 1973, 1974, 1975, 1976, 1977, 1978, 1979, 1980, 1981, 2253, 2254, 2255, 2256, 2257, 2258, 2259, 2260, 2261, 2262, 2263, 2264, 2535, 2536, 2537, 2538, 2539, 2540, 2541, 2542, 2543, 2544, 2545, 2546, 2818, 2819, 2820, 2821, 2822, 2823, 2824, 2825, 2826, 2827, 2828, 2829, 3100, 3101, 3102, 3103, 3104, 3105, 3106, 3107, 3108, 3109, 3110, 3111, 3382, 3383, 3384, 3385, 3386, 3387, 3388, 3389, 3390, 3391, 3392, 3393, 3665, 3666, 3667, 3668, 3669, 3670, 3671, 3672, 3673, 3674, 3675, 3676, 3947, 3948, 3949, 3950, 3951, 3952, 3953, 3954, 3955, 3956, 3957, 3958]
Using epsilon of 1.5070809177215958
Model suggests 1.45
Using emcee to sample.
Creating envelope slices
Peakbagging slice 1/1
Time taken 35.2 minutes
Saving....
Calculation Complete


Thu Jan 30 05:46:45 2025
ID                    206371648
numax                    2992.0
numax_e                    30.0
dnu                      136.75
dnu_e                       0.5
Teff                       5397
Teff_e                      100
bp_rp                  0.930634
bp_rp_e                     0.1
Type                         MS
Np                           10
Flag                          2
Name       Captain Jack Sparrow
Name 2                  Electro
Name: 2, dtype: object
ID: 206371648
Total Extermination!
[]
Using emcee to sample.
Creating envelope slices
Peakbagging slice 1/1
Time taken 34.4 minutes
Plotting
Saving....
Calculation Complete




Fri Feb  7 10:37:04 2025
ID                    206371648
numax                    2992.0
numax_e                    30.0
dnu                      136.75
dnu_e                       0.5
Teff                       5397
Teff_e                      100
bp_rp                  0.930634
bp_rp_e                     0.1
Type                         MS
Np                           10
Flag                          2
Name       Captain Jack Sparrow
Name 2                  Electro
Name: 2, dtype: object
ID: 206371648


Traceback (most recent call last):
  File "/rds/projects/n/nielsemb-plato-peakbagging/george/PBjammy/ThePBjam/TheActivator.py", line 95, in LetUsBegin
    Activate(n)
  File "/rds/projects/n/nielsemb-plato-peakbagging/george/PBjammy/ThePBjam/TheActivator.py", line 61, in Activate
    f, s = PBjammer.PSD(BigData.ID[d], 'Rafa')
  File "/rds/projects/n/nielsemb-plato-peakbagging/george/PBjammy/ThePBjam/PBjammer.py", line 41, in PSD
    Lightning = pd.read_csv(f'/rds/projects/n/nielsemb-plato-peakbagging/george/'
  File "/rds/homes/g/gth025/.local/lib/python3.9/site-packages/pandas/io/parsers/readers.py", line 1026, in read_csv
    return _read(filepath_or_buffer, kwds)
  File "/rds/homes/g/gth025/.local/lib/python3.9/site-packages/pandas/io/parsers/readers.py", line 620, in _read
    parser = TextFileReader(filepath_or_buffer, **kwds)
  File "/rds/homes/g/gth025/.local/lib/python3.9/site-packages/pandas/io/parsers/readers.py", line 1620, in __init__
    self._engine = self._make_engine(f, self.engine)
  File "/rds/homes/g/gth025/.local/lib/python3.9/site-packages/pandas/io/parsers/readers.py", line 1880, in _make_engine
    self.handles = get_handle(
  File "/rds/homes/g/gth025/.local/lib/python3.9/site-packages/pandas/io/common.py", line 873, in get_handle
    handle = open(
FileNotFoundError: [Errno 2] No such file or directory: '/rds/projects/n/nielsemb-plato-peakbagging/george/Sinister Six/rafas_stars/ktwo00206371648_01_kasoc-psd_slc_v1.dat'


Fri Feb  7 10:38:02 2025
ID                    206371648
numax                    2992.0
numax_e                    30.0
dnu                      136.75
dnu_e                       0.5
Teff                       5397
Teff_e                      100
bp_rp                  0.930634
bp_rp_e                     0.1
Type                         MS
Np                           10
Flag                          2
Name       Captain Jack Sparrow
Name 2                  Electro
Name: 2, dtype: object
ID: 206371648
Total Extermination!
[]
Using emcee to sample.
Creating envelope slices
Peakbagging slice 1/1


Traceback (most recent call last):
  File "/rds/projects/n/nielsemb-plato-peakbagging/george/PBjammy/ThePBjam/TheActivator.py", line 95, in LetUsBegin
    Activate(n)
  File "/rds/projects/n/nielsemb-plato-peakbagging/george/PBjammy/ThePBjam/TheActivator.py", line 69, in Activate
    FinalResult, Peak = Peakbagging(BigData.ID[d], BigData.Np[d], Result, f, s, BigData.Type[d])
  File "/rds/projects/n/nielsemb-plato-peakbagging/george/PBjammy/ThePBjam/TheActivator.py", line 28, in Peakbagging
    return PBjammer.PeakBagger(ID, Np, Result, f, s, Type, Plot=Plot)
  File "/rds/projects/n/nielsemb-plato-peakbagging/george/PBjammy/ThePBjam/PBjammer.py", line 147, in PeakBagger
    Result = Peak()
  File "/rds/projects/n/nielsemb-plato-peakbagging/george/PBjammy/ThePBjam/pbjam/peakbagging.py", line 577, in __call__
    inst(**sampler_kwargs);
  File "/rds/projects/n/nielsemb-plato-peakbagging/george/PBjammy/ThePBjam/pbjam/peakbagging.py", line 1205, in __call__
    self.runSampler(**sampler_kwargs, walltime=3720)
  File "/rds/projects/n/nielsemb-plato-peakbagging/george/PBjammy/ThePBjam/pbjam/jar.py", line 823, in runSampler
    sampler, ctrlChain = self.burnInSampler(nchains, DEfrac, earlyStop, walltime, checkEvery, t0, ncontrol, DtauLimit)
  File "/rds/projects/n/nielsemb-plato-peakbagging/george/PBjammy/ThePBjam/pbjam/jar.py", line 527, in burnInSampler
    p0 = self.initSamples(nchains)
  File "/rds/projects/n/nielsemb-plato-peakbagging/george/PBjammy/ThePBjam/pbjam/jar.py", line 386, in initSamples
    p0[i] = np.array([self.priors[key].ppf(u[i]) for i, key in enumerate(self.priors.keys())])
ValueError: setting an array element with a sequence. The requested array has an inhomogeneous shape after 1 dimensions. The detected shape was (94,) + inhomogeneous part.


Fri Feb  7 10:48:16 2025
ID                    206371648
numax                    2992.0
numax_e                    30.0
dnu                      136.75
dnu_e                       0.5
Teff                       5397
Teff_e                      100
bp_rp                  0.930634
bp_rp_e                     0.1
Type                         MS
Np                           10
Flag                          2
Name       Captain Jack Sparrow
Name 2                  Electro
Name: 2, dtype: object
ID: 206371648
Total Extermination!
[]
Using emcee to sample.
Creating envelope slices
Peakbagging slice 1/1
Time taken 34.7 minutes
Plotting
Saving....
Calculation Complete




Fri Feb  7 11:53:41 2025
ID                    206371648
numax                    2992.0
numax_e                    30.0
dnu                      136.75
dnu_e                       0.5
Teff                       5397
Teff_e                      100
bp_rp                  0.930634
bp_rp_e                     0.1
Type                         MS
Np                           10
Flag                          2
Name       Captain Jack Sparrow
Name 2                  Electro
Name: 2, dtype: object
ID: 206371648
Total Extermination!
[]
Using emcee to sample.


Traceback (most recent call last):
  File "/rds/projects/n/nielsemb-plato-peakbagging/george/PBjammy/ThePBjam/TheActivator.py", line 95, in LetUsBegin
    Activate(n)
  File "/rds/projects/n/nielsemb-plato-peakbagging/george/PBjammy/ThePBjam/TheActivator.py", line 69, in Activate
    FinalResult, Peak = Peakbagging(BigData.ID[d], BigData.Np[d], Result, f, s, BigData.Type[d])
  File "/rds/projects/n/nielsemb-plato-peakbagging/george/PBjammy/ThePBjam/TheActivator.py", line 28, in Peakbagging
    return PBjammer.PeakBagger(ID, Np, Result, f, s, Type, Plot=Plot)
  File "/rds/projects/n/nielsemb-plato-peakbagging/george/PBjammy/ThePBjam/PBjammer.py", line 144, in PeakBagger
    Peak = peakbag(f, s, ell=Result['ell'], freq=Result['summary']['freq'],
  File "/rds/projects/n/nielsemb-plato-peakbagging/george/PBjammy/ThePBjam/pbjam/peakbagging.py", line 102, in __init__
    self.createPeakbagInstances()
  File "/rds/projects/n/nielsemb-plato-peakbagging/george/PBjammy/ThePBjam/pbjam/peakbagging.py", line 546, in createPeakbagInstances
    self.pbInstances.append(sampler(self.f, self.snr, self.ell, self.freq, self.height, self.width, self.zeta, self.dnu, self.d02, self.freqLimits, self.rotAsym, self.addPriors))
  File "/rds/projects/n/nielsemb-plato-peakbagging/george/PBjammy/ThePBjam/pbjam/peakbagging.py", line 1380, in __init__
    super().__init__(*args, **kwargs)
  File "/rds/projects/n/nielsemb-plato-peakbagging/george/PBjammy/ThePBjam/pbjam/peakbagging.py", line 947, in __init__
    self.setPriors()
  File "/rds/projects/n/nielsemb-plato-peakbagging/george/PBjammy/ThePBjam/pbjam/peakbagging.py", line 988, in setPriors
    self.priors = dict(sorted(self.Priors.items()))
AttributeError: 'EmceePeakbag' object has no attribute 'Priors'


Fri Feb  7 11:55:17 2025
ID                    206371648
numax                    2992.0
numax_e                    30.0
dnu                      136.75
dnu_e                       0.5
Teff                       5397
Teff_e                      100
bp_rp                  0.930634
bp_rp_e                     0.1
Type                         MS
Np                           10
Flag                          2
Name       Captain Jack Sparrow
Name 2                  Electro
Name: 2, dtype: object
ID: 206371648
Total Extermination!
[]
Using emcee to sample.
Peakbagging slice 1/1
Time taken 28.2 minutes
Plotting
Saving....
Calculation Complete




Fri Feb  7 14:58:07 2025
ID                    206371648
numax                    2992.0
numax_e                    30.0
dnu                      136.75
dnu_e                       0.5
Teff                       5397
Teff_e                      100
bp_rp                  0.930634
bp_rp_e                     0.1
Type                         MS
Np                           10
Flag                          2
Name       Captain Jack Sparrow
Name 2                  Electro
Name: 2, dtype: object
ID: 206371648
Total Extermination!
[]
Using emcee to sample.
Peakbagging slice 1/1
Time taken 37.6 minutes
Plotting
Saving....
Calculation Complete




Fri Feb  7 16:00:38 2025
ID                    206371648
numax                    2992.0
numax_e                    30.0
dnu                      136.75
dnu_e                       0.5
Teff                       5397
Teff_e                      100
bp_rp                  0.930634
bp_rp_e                     0.1
Type                         MS
Np                           10
Flag                          2
Name       Captain Jack Sparrow
Name 2                  Electro
Name: 2, dtype: object
ID: 206371648
Total Extermination!
[]
Using emcee to sample.
Peakbagging slice 1/1
Time taken 38.2 minutes
Plotting
Saving....
Calculation Complete




Tue Feb 11 13:49:12 2025
ID         206371648
numax         2992.0
numax_e         30.0
dnu           136.75
dnu_e            0.5
Teff            5397
Teff_e           100
bp_rp       0.930634
bp_rp_e          0.1
Type              MS
Np                10
Flag               1
Name         Electro
Name: 2, dtype: object
ID: 206371648


Traceback (most recent call last):
  File "/rds/projects/n/nielsemb-plato-peakbagging/george/PBjammy/ThePBjam/TheActivator.py", line 95, in LetUsBegin
    Activate(n)
  File "/rds/projects/n/nielsemb-plato-peakbagging/george/PBjammy/ThePBjam/TheActivator.py", line 61, in Activate
    f, s = PBjammer.PSD(BigData.ID[d], 'Rafa')
  File "/rds/projects/n/nielsemb-plato-peakbagging/george/PBjammy/ThePBjam/PBjammer.py", line 49, in PSD
    Destroy = Exterminate.TotalDestruction([np.array(Lightning.Frequency), np.array(Lightning.Power)])
  File "/rds/homes/g/gth025/.local/lib/python3.9/site-packages/pandas/core/generic.py", line 6299, in __getattr__
    return object.__getattribute__(self, name)
AttributeError: 'DataFrame' object has no attribute 'Frequency'


Tue Feb 11 13:52:00 2025
ID         206371648
numax         2992.0
numax_e         30.0
dnu           136.75
dnu_e            0.5
Teff            5397
Teff_e           100
bp_rp       0.930634
bp_rp_e          0.1
Type              MS
Np                10
Flag               1
Name         Electro
Name: 2, dtype: object
ID: 206371648
Total Extermination!
[]
Using emcee to sample.
Peakbagging slice 1/1
Time taken 30.1 minutes
Plotting
Saving....
Calculation Complete




Tue Feb 11 14:26:32 2025
ID         206371648
numax         2992.0
numax_e         30.0
dnu           136.75
dnu_e            0.5
Teff            5397
Teff_e           100
bp_rp       0.930634
bp_rp_e          0.1
Type              MS
Np                10
Flag               1
Name         Electro
Name: 2, dtype: object
ID: 206371648


Traceback (most recent call last):
  File "/rds/projects/n/nielsemb-plato-peakbagging/george/PBjammy/ThePBjam/TheActivator.py", line 95, in LetUsBegin
    Activate(n)
  File "/rds/projects/n/nielsemb-plato-peakbagging/george/PBjammy/ThePBjam/TheActivator.py", line 61, in Activate
    f, s = PBjammer.PSD(BigData.ID[d], 'Rafa')
  File "/rds/projects/n/nielsemb-plato-peakbagging/george/PBjammy/ThePBjam/PBjammer.py", line 41, in PSD
    Lightning = pd.read_csv(f'/rds/projects/n/nielsemb-plato-peakbagging/george/'
  File "/rds/homes/g/gth025/.local/lib/python3.9/site-packages/pandas/io/parsers/readers.py", line 1026, in read_csv
    return _read(filepath_or_buffer, kwds)
  File "/rds/homes/g/gth025/.local/lib/python3.9/site-packages/pandas/io/parsers/readers.py", line 620, in _read
    parser = TextFileReader(filepath_or_buffer, **kwds)
  File "/rds/homes/g/gth025/.local/lib/python3.9/site-packages/pandas/io/parsers/readers.py", line 1620, in __init__
    self._engine = self._make_engine(f, self.engine)
  File "/rds/homes/g/gth025/.local/lib/python3.9/site-packages/pandas/io/parsers/readers.py", line 1880, in _make_engine
    self.handles = get_handle(
  File "/rds/homes/g/gth025/.local/lib/python3.9/site-packages/pandas/io/common.py", line 873, in get_handle
    handle = open(
FileNotFoundError: [Errno 2] No such file or directory: '/rds/projects/n/nielsemb-plato-peakbagging/george/Sinister Six/rafas_stars/ktwo00206371648_01_kasoc-psd_slc_v1.dat'


Tue Feb 11 14:30:04 2025
ID         206371648
numax         2992.0
numax_e         30.0
dnu           136.75
dnu_e            0.5
Teff            5397
Teff_e           100
bp_rp       0.930634
bp_rp_e          0.1
Type              MS
Np                10
Flag               1
Name         Electro
Name: 2, dtype: object
ID: 206371648
Total Extermination!
[]
Using emcee to sample.
Peakbagging slice 1/1
Time taken 36.2 minutes
Plotting
Saving....
Calculation Complete


